2020-07-09 17:15:48,188 [INFO] Activator:176 - 


2020-07-09 17:15:48,191 [INFO] Activator:177 - !SESSION log4j initialized
2020-07-09 17:15:54,236 [INFO] ApplicationProperties:181 - Using Application install path: Z:\SOFTWARES\STM32_CUBE_IDE\STM32CubeIDE_1.0.2\STM32CubeIDE\plugins\com.st.stm32cube.common.mx_5.5.0.201912201511
2020-07-09 17:15:54,267 [INFO] DbMcusXml:69 - Set database path to: Z:\SOFTWARES\STM32_CUBE_IDE\STM32CubeIDE_1.0.2\STM32CubeIDE\plugins\com.st.stm32cube.common.mx_5.5.0.201912201511\\db\/mcu/
2020-07-09 17:15:54,274 [INFO] DbBoardsPdsc:54 - Set plugin database path to: Z:\SOFTWARES\STM32_CUBE_IDE\STM32CubeIDE_1.0.2\STM32CubeIDE\plugins\com.st.stm32cube.common.mx_5.5.0.201912201511\\db\/plugins/boardmanager/
2020-07-09 17:15:54,274 [INFO] DbMcus:264 - Set plugin images path to: Z:\SOFTWARES\STM32_CUBE_IDE\STM32CubeIDE_1.0.2\STM32CubeIDE\plugins\com.st.stm32cube.common.mx_5.5.0.201912201511\\db\/plugins/mcufinder/images/
2020-07-09 17:15:54,275 [INFO] DbBoards:232 - Set plugin images path to: Z:\SOFTWARES\STM32_CUBE_IDE\STM32CubeIDE_1.0.2\STM32CubeIDE\plugins\com.st.stm32cube.common.mx_5.5.0.201912201511\\db\/plugins/mcufinder/images/
2020-07-09 17:15:54,278 [INFO] APIGFXSelector:72 - Set database path to: Z:\SOFTWARES\STM32_CUBE_IDE\STM32CubeIDE_1.0.2\STM32CubeIDE\plugins\com.st.stm32cube.common.mx_5.5.0.201912201511\\db\/plugins/mcufinder/mcu/
2020-07-09 17:15:54,297 [INFO] DbMcusAds:72 - Set database path to: C:\Users\blueh\.stmcufinder\plugins\mcufinder//mcu/
2020-07-09 17:15:54,299 [INFO] DbMcusDocs:92 - Set database path to: C:\Users\blueh\.stmcufinder\plugins\mcufinder//mcu/
2020-07-09 17:15:54,302 [INFO] DbMcusJson:59 - Set database path to: C:\Users\blueh\.stmcufinder\plugins\mcufinder//mcu/
2020-07-09 17:15:54,303 [INFO] DbBoardsDocs:84 - Set database path to: C:\Users\blueh\.stmcufinder\plugins\mcufinder//mcu/
2020-07-09 17:15:54,305 [INFO] DbBoardsJson:51 - Set database path to: C:\Users\blueh\.stmcufinder\plugins\mcufinder//mcu/
2020-07-09 17:15:54,404 [INFO] CrossReferenceDbSqlite:197 - Set database path to: C:\Users\blueh\.stmcufinder\plugins\mcufinder//mcu/cs/
2020-07-09 17:15:54,521 [INFO] RulesReader:52 - Compatibility file has been processed (205 Rules)
2020-07-09 17:15:54,613 [INFO] MicroXplorer:570 - Detected Java Version = 1.8.0_202
2020-07-09 17:15:54,614 [INFO] DbMcusXml:69 - Set database path to: Z:\SOFTWARES\STM32_CUBE_IDE\STM32CubeIDE_1.0.2\STM32CubeIDE\plugins\com.st.stm32cube.common.mx_5.5.0.201912201511\\db\/mcu/
2020-07-09 17:15:54,614 [INFO] DbBoardsPdsc:54 - Set plugin database path to: Z:\SOFTWARES\STM32_CUBE_IDE\STM32CubeIDE_1.0.2\STM32CubeIDE\plugins\com.st.stm32cube.common.mx_5.5.0.201912201511\\db\/plugins/boardmanager/
2020-07-09 17:15:54,615 [INFO] DbMcus:264 - Set plugin images path to: Z:\SOFTWARES\STM32_CUBE_IDE\STM32CubeIDE_1.0.2\STM32CubeIDE\plugins\com.st.stm32cube.common.mx_5.5.0.201912201511\\db\/plugins/mcufinder/images/
2020-07-09 17:15:54,615 [INFO] DbBoards:232 - Set plugin images path to: Z:\SOFTWARES\STM32_CUBE_IDE\STM32CubeIDE_1.0.2\STM32CubeIDE\plugins\com.st.stm32cube.common.mx_5.5.0.201912201511\\db\/plugins/mcufinder/images/
2020-07-09 17:15:54,615 [INFO] APIGFXSelector:72 - Set database path to: Z:\SOFTWARES\STM32_CUBE_IDE\STM32CubeIDE_1.0.2\STM32CubeIDE\plugins\com.st.stm32cube.common.mx_5.5.0.201912201511\\db\/plugins/mcufinder/mcu/
2020-07-09 17:15:54,615 [WARN] DbFile:31 - Overriding database path with different value: C:\Users\blueh\.stmcufinder\plugins\mcufinder/ => C:\Users\blueh\.stmcufinder\plugins\mcufinder
2020-07-09 17:15:54,615 [INFO] DbMcusAds:72 - Set database path to: C:\Users\blueh\.stmcufinder\plugins\mcufinder//mcu/
2020-07-09 17:15:54,615 [WARN] DbFile:31 - Overriding database path with different value: C:\Users\blueh\.stmcufinder\plugins\mcufinder/ => C:\Users\blueh\.stmcufinder\plugins\mcufinder
2020-07-09 17:15:54,616 [INFO] DbMcusDocs:92 - Set database path to: C:\Users\blueh\.stmcufinder\plugins\mcufinder//mcu/
2020-07-09 17:15:54,616 [WARN] DbFile:31 - Overriding database path with different value: C:\Users\blueh\.stmcufinder\plugins\mcufinder/ => C:\Users\blueh\.stmcufinder\plugins\mcufinder
2020-07-09 17:15:54,616 [INFO] DbMcusJson:59 - Set database path to: C:\Users\blueh\.stmcufinder\plugins\mcufinder//mcu/
2020-07-09 17:15:54,616 [WARN] DbFile:31 - Overriding database path with different value: C:\Users\blueh\.stmcufinder\plugins\mcufinder/ => C:\Users\blueh\.stmcufinder\plugins\mcufinder
2020-07-09 17:15:54,616 [INFO] DbBoardsDocs:84 - Set database path to: C:\Users\blueh\.stmcufinder\plugins\mcufinder//mcu/
2020-07-09 17:15:54,616 [WARN] DbFile:31 - Overriding database path with different value: C:\Users\blueh\.stmcufinder\plugins\mcufinder/ => C:\Users\blueh\.stmcufinder\plugins\mcufinder
2020-07-09 17:15:54,616 [INFO] DbBoardsJson:51 - Set database path to: C:\Users\blueh\.stmcufinder\plugins\mcufinder//mcu/
2020-07-09 17:15:54,617 [WARN] DbFile:31 - Overriding database path with different value: C:\Users\blueh\.stmcufinder\plugins\mcufinder/ => C:\Users\blueh\.stmcufinder\plugins\mcufinder
2020-07-09 17:15:54,617 [WARN] DbFile:31 - Overriding database path with different value: C:\Users\blueh\.stmcufinder\plugins\mcufinder/ => C:\Users\blueh\.stmcufinder\plugins\mcufinder
2020-07-09 17:15:54,617 [INFO] CrossReferenceDbSqlite:197 - Set database path to: C:\Users\blueh\.stmcufinder\plugins\mcufinder//mcu/cs/
2020-07-09 17:15:54,705 [INFO] MainPanel:180 - HeapMemory: 301989888
2020-07-09 17:15:54,825 [INFO] DbMcusXml:69 - Set database path to: Z:\SOFTWARES\STM32_CUBE_IDE\STM32CubeIDE_1.0.2\STM32CubeIDE\plugins\com.st.stm32cube.common.mx_5.5.0.201912201511\\db\/mcu/
2020-07-09 17:15:54,825 [INFO] DbBoardsPdsc:54 - Set plugin database path to: Z:\SOFTWARES\STM32_CUBE_IDE\STM32CubeIDE_1.0.2\STM32CubeIDE\plugins\com.st.stm32cube.common.mx_5.5.0.201912201511\\db\/plugins/boardmanager/
2020-07-09 17:15:54,825 [INFO] DbMcus:264 - Set plugin images path to: Z:\SOFTWARES\STM32_CUBE_IDE\STM32CubeIDE_1.0.2\STM32CubeIDE\plugins\com.st.stm32cube.common.mx_5.5.0.201912201511\\db\/plugins/mcufinder/images/
2020-07-09 17:15:54,825 [INFO] DbBoards:232 - Set plugin images path to: Z:\SOFTWARES\STM32_CUBE_IDE\STM32CubeIDE_1.0.2\STM32CubeIDE\plugins\com.st.stm32cube.common.mx_5.5.0.201912201511\\db\/plugins/mcufinder/images/
2020-07-09 17:15:54,826 [INFO] APIGFXSelector:72 - Set database path to: Z:\SOFTWARES\STM32_CUBE_IDE\STM32CubeIDE_1.0.2\STM32CubeIDE\plugins\com.st.stm32cube.common.mx_5.5.0.201912201511\\db\/plugins/mcufinder/mcu/
2020-07-09 17:15:54,827 [WARN] DbFile:31 - Overriding database path with different value: C:\Users\blueh\.stmcufinder\plugins\mcufinder/ => C:\Users\blueh\.stmcufinder\plugins\mcufinder
2020-07-09 17:15:54,827 [INFO] DbMcusAds:72 - Set database path to: C:\Users\blueh\.stmcufinder\plugins\mcufinder//mcu/
2020-07-09 17:15:54,827 [WARN] DbFile:31 - Overriding database path with different value: C:\Users\blueh\.stmcufinder\plugins\mcufinder/ => C:\Users\blueh\.stmcufinder\plugins\mcufinder
2020-07-09 17:15:54,827 [INFO] DbMcusDocs:92 - Set database path to: C:\Users\blueh\.stmcufinder\plugins\mcufinder//mcu/
2020-07-09 17:15:54,827 [WARN] DbFile:31 - Overriding database path with different value: C:\Users\blueh\.stmcufinder\plugins\mcufinder/ => C:\Users\blueh\.stmcufinder\plugins\mcufinder
2020-07-09 17:15:54,828 [INFO] DbMcusJson:59 - Set database path to: C:\Users\blueh\.stmcufinder\plugins\mcufinder//mcu/
2020-07-09 17:15:54,828 [WARN] DbFile:31 - Overriding database path with different value: C:\Users\blueh\.stmcufinder\plugins\mcufinder/ => C:\Users\blueh\.stmcufinder\plugins\mcufinder
2020-07-09 17:15:54,828 [INFO] DbBoardsDocs:84 - Set database path to: C:\Users\blueh\.stmcufinder\plugins\mcufinder//mcu/
2020-07-09 17:15:54,828 [WARN] DbFile:31 - Overriding database path with different value: C:\Users\blueh\.stmcufinder\plugins\mcufinder/ => C:\Users\blueh\.stmcufinder\plugins\mcufinder
2020-07-09 17:15:54,829 [INFO] DbBoardsJson:51 - Set database path to: C:\Users\blueh\.stmcufinder\plugins\mcufinder//mcu/
2020-07-09 17:15:54,829 [WARN] DbFile:31 - Overriding database path with different value: C:\Users\blueh\.stmcufinder\plugins\mcufinder/ => C:\Users\blueh\.stmcufinder\plugins\mcufinder
2020-07-09 17:15:54,829 [WARN] DbFile:31 - Overriding database path with different value: C:\Users\blueh\.stmcufinder\plugins\mcufinder/ => C:\Users\blueh\.stmcufinder\plugins\mcufinder
2020-07-09 17:15:54,829 [INFO] CrossReferenceDbSqlite:197 - Set database path to: C:\Users\blueh\.stmcufinder\plugins\mcufinder//mcu/cs/
2020-07-09 17:15:54,858 [INFO] ApplicationProperties:181 - Using Application install path: Z:\SOFTWARES\STM32_CUBE_IDE\STM32CubeIDE_1.0.2\STM32CubeIDE\plugins\com.st.stm32cube.common.mx_5.5.0.201912201511
2020-07-09 17:15:54,860 [INFO] PluginManage:178 - Search for loadable plugins [exclusion list=]
2020-07-09 17:15:54,862 [INFO] PluginManage:292 - Check plugin analytics
2020-07-09 17:15:54,869 [INFO] PluginManage:342 - Loaded plugin analytics (category:tool,tabindex:-1)
2020-07-09 17:15:54,869 [INFO] PluginManage:292 - Check plugin clock
2020-07-09 17:15:54,884 [INFO] PluginManage:342 - Loaded plugin clock (category:base,tabindex:2)
2020-07-09 17:15:54,884 [INFO] PluginManage:292 - Check plugin ddr
2020-07-09 17:15:54,888 [INFO] PluginManage:342 - Loaded plugin ddr (category:tool,tabindex:6)
2020-07-09 17:15:54,888 [INFO] PluginManage:292 - Check plugin filemanager
2020-07-09 17:15:55,021 [INFO] PluginManage:342 - Loaded plugin filemanager (category:base,tabindex:10)
2020-07-09 17:15:55,021 [INFO] PluginManage:292 - Check plugin ipmanager
2020-07-09 17:15:55,032 [INFO] PluginManage:342 - Loaded plugin ipmanager (category:base,tabindex:5)
2020-07-09 17:15:55,032 [INFO] PluginManage:292 - Check plugin pinoutandconfiguration
2020-07-09 17:15:55,045 [INFO] PluginManage:342 - Loaded plugin pinoutandconfiguration (category:base,tabindex:1)
2020-07-09 17:15:55,045 [INFO] PluginManage:292 - Check plugin pinoutconfig
2020-07-09 17:15:55,072 [INFO] PluginManage:342 - Loaded plugin pinoutconfig (category:base,tabindex:0)
2020-07-09 17:15:55,072 [INFO] PluginManage:292 - Check plugin power
2020-07-09 17:15:55,084 [INFO] PluginManage:342 - Loaded plugin power (category:power,tabindex:4)
2020-07-09 17:15:55,085 [INFO] PluginManage:292 - Check plugin projectmanager
2020-07-09 17:15:55,105 [INFO] PluginManage:342 - Loaded plugin projectmanager (category:projectmanager,tabindex:3)
2020-07-09 17:15:55,106 [INFO] PluginManage:292 - Check plugin thirdparty
2020-07-09 17:15:55,212 [INFO] ThirdPartyDb:295 - Open Third Party DataBase File (C:/Users/blueh/.stm32cubemx/plugins/thirdparty/db/thirdparties_db.xml) : 41 ms. number of Sw pack : 25
2020-07-09 17:15:55,254 [INFO] PluginManage:342 - Loaded plugin thirdparty (category:base,tabindex:-1)
2020-07-09 17:15:55,254 [INFO] PluginManage:292 - Check plugin tools
2020-07-09 17:15:55,257 [INFO] PluginManage:342 - Loaded plugin tools (category:base,tabindex:7)
2020-07-09 17:15:55,257 [INFO] PluginManage:292 - Check plugin updater
2020-07-09 17:15:55,273 [INFO] PluginManage:342 - Loaded plugin updater (category:base,tabindex:12)
2020-07-09 17:15:55,274 [INFO] PluginManage:265 - PluginManage : Loaded plugins [12]
2020-07-09 17:15:55,530 [INFO] PinOutPanel:1399 - setPackage(No Configuration,No Configuration)
2020-07-09 17:15:55,641 [INFO] IPUIPlugin:65 - create IPUIPlugin
2020-07-09 17:15:55,642 [INFO] PluginManager:200 - loadIPPluginJar : add adc
2020-07-09 17:15:55,645 [INFO] IPUIPlugin:65 - create IPUIPlugin
2020-07-09 17:15:55,645 [INFO] PluginManager:200 - loadIPPluginJar : add aes
2020-07-09 17:15:55,648 [INFO] IPUIPlugin:65 - create IPUIPlugin
2020-07-09 17:15:55,648 [INFO] PluginManager:200 - loadIPPluginJar : add can
2020-07-09 17:15:55,650 [INFO] IPUIPlugin:65 - create IPUIPlugin
2020-07-09 17:15:55,650 [INFO] PluginManager:200 - loadIPPluginJar : add comp
2020-07-09 17:15:55,653 [INFO] IPUIPlugin:65 - create IPUIPlugin
2020-07-09 17:15:55,653 [INFO] PluginManager:200 - loadIPPluginJar : add cryp
2020-07-09 17:15:55,656 [INFO] IPUIPlugin:65 - create IPUIPlugin
2020-07-09 17:15:55,656 [INFO] PluginManager:200 - loadIPPluginJar : add dfsdm
2020-07-09 17:15:55,662 [INFO] IPUIPlugin:65 - create IPUIPlugin
2020-07-09 17:15:55,663 [INFO] PluginManager:200 - loadIPPluginJar : add dma
2020-07-09 17:15:55,665 [INFO] IPUIPlugin:65 - create IPUIPlugin
2020-07-09 17:15:55,665 [INFO] PluginManager:200 - loadIPPluginJar : add fatfs
2020-07-09 17:15:55,670 [INFO] IPUIPlugin:65 - create IPUIPlugin
2020-07-09 17:15:55,671 [INFO] PluginManager:200 - loadIPPluginJar : add fmc
2020-07-09 17:15:55,678 [INFO] IPUIPlugin:65 - create IPUIPlugin
2020-07-09 17:15:55,679 [INFO] PluginManager:200 - loadIPPluginJar : add freertos
2020-07-09 17:15:55,681 [INFO] IPUIPlugin:65 - create IPUIPlugin
2020-07-09 17:15:55,681 [INFO] PluginManager:200 - loadIPPluginJar : add genericplugin
2020-07-09 17:15:55,684 [INFO] IPUIPlugin:65 - create IPUIPlugin
2020-07-09 17:15:55,684 [INFO] PluginManager:200 - loadIPPluginJar : add gfxmmu
2020-07-09 17:15:55,688 [INFO] IPUIPlugin:65 - create IPUIPlugin
2020-07-09 17:15:55,688 [INFO] PluginManager:200 - loadIPPluginJar : add gfxsimulator
2020-07-09 17:15:55,694 [INFO] IPUIPlugin:65 - create IPUIPlugin
2020-07-09 17:15:55,694 [INFO] PluginManager:200 - loadIPPluginJar : add gic
2020-07-09 17:15:55,699 [INFO] IPUIPlugin:65 - create IPUIPlugin
2020-07-09 17:15:55,699 [INFO] PluginManager:200 - loadIPPluginJar : add gpio
2020-07-09 17:15:55,703 [INFO] IPUIPlugin:65 - create IPUIPlugin
2020-07-09 17:15:55,703 [INFO] PluginManager:200 - loadIPPluginJar : add gtzc
2020-07-09 17:15:55,705 [INFO] IPUIPlugin:65 - create IPUIPlugin
2020-07-09 17:15:55,706 [INFO] PluginManager:200 - loadIPPluginJar : add hash
2020-07-09 17:15:55,709 [INFO] IPUIPlugin:65 - create IPUIPlugin
2020-07-09 17:15:55,710 [INFO] PluginManager:200 - loadIPPluginJar : add i2c
2020-07-09 17:15:55,710 [INFO] IPUIPlugin:65 - create IPUIPlugin
2020-07-09 17:15:55,710 [INFO] PluginManager:200 - loadIPPluginJar : add i2s
2020-07-09 17:15:55,710 [INFO] IPUIPlugin:65 - create IPUIPlugin
2020-07-09 17:15:55,710 [INFO] PluginManager:200 - loadIPPluginJar : add ipddr
2020-07-09 17:15:55,710 [INFO] IPUIPlugin:65 - create IPUIPlugin
2020-07-09 17:15:55,710 [INFO] PluginManager:200 - loadIPPluginJar : add ltdc
2020-07-09 17:15:55,710 [INFO] IPUIPlugin:65 - create IPUIPlugin
2020-07-09 17:15:55,710 [INFO] PluginManager:200 - loadIPPluginJar : add mdma
2020-07-09 17:15:55,731 [INFO] IPUIPlugin:65 - create IPUIPlugin
2020-07-09 17:15:55,731 [INFO] PluginManager:200 - loadIPPluginJar : add nvic
2020-07-09 17:15:55,735 [INFO] IPUIPlugin:65 - create IPUIPlugin
2020-07-09 17:15:55,735 [INFO] PluginManager:200 - loadIPPluginJar : add opamp
2020-07-09 17:15:55,740 [INFO] IPUIPlugin:65 - create IPUIPlugin
2020-07-09 17:15:55,740 [INFO] PluginManager:200 - loadIPPluginJar : add pdm2pcm
2020-07-09 17:15:55,751 [INFO] IPUIPlugin:65 - create IPUIPlugin
2020-07-09 17:15:55,756 [INFO] PluginManager:200 - loadIPPluginJar : add plateformsettings
2020-07-09 17:15:55,758 [INFO] IPUIPlugin:65 - create IPUIPlugin
2020-07-09 17:15:55,758 [INFO] PluginManager:200 - loadIPPluginJar : add quadspi
2020-07-09 17:15:55,763 [INFO] IPUIPlugin:65 - create IPUIPlugin
2020-07-09 17:15:55,763 [INFO] PluginManager:200 - loadIPPluginJar : add resmgrutility
2020-07-09 17:15:55,767 [INFO] IPUIPlugin:65 - create IPUIPlugin
2020-07-09 17:15:55,768 [INFO] PluginManager:200 - loadIPPluginJar : add sai
2020-07-09 17:15:55,772 [INFO] IPUIPlugin:65 - create IPUIPlugin
2020-07-09 17:15:55,772 [INFO] PluginManager:200 - loadIPPluginJar : add spi
2020-07-09 17:15:55,776 [INFO] IPUIPlugin:65 - create IPUIPlugin
2020-07-09 17:15:55,776 [INFO] PluginManager:200 - loadIPPluginJar : add stm32_wpan
2020-07-09 17:15:55,778 [INFO] IPUIPlugin:65 - create IPUIPlugin
2020-07-09 17:15:55,779 [INFO] PluginManager:200 - loadIPPluginJar : add tim
2020-07-09 17:15:55,784 [INFO] IPUIPlugin:65 - create IPUIPlugin
2020-07-09 17:15:55,784 [INFO] PluginManager:200 - loadIPPluginJar : add touchsensing
2020-07-09 17:15:55,786 [INFO] IPUIPlugin:65 - create IPUIPlugin
2020-07-09 17:15:55,786 [INFO] PluginManager:200 - loadIPPluginJar : add tracer_emb
2020-07-09 17:15:55,789 [INFO] IPUIPlugin:65 - create IPUIPlugin
2020-07-09 17:15:55,789 [INFO] PluginManager:200 - loadIPPluginJar : add ts
2020-07-09 17:15:55,791 [INFO] IPUIPlugin:65 - create IPUIPlugin
2020-07-09 17:15:55,791 [INFO] PluginManager:200 - loadIPPluginJar : add tsc
2020-07-09 17:15:55,793 [INFO] IPUIPlugin:65 - create IPUIPlugin
2020-07-09 17:15:55,794 [INFO] PluginManager:200 - loadIPPluginJar : add ucpd
2020-07-09 17:15:55,797 [INFO] IPUIPlugin:65 - create IPUIPlugin
2020-07-09 17:15:55,797 [INFO] PluginManager:200 - loadIPPluginJar : add usart
2020-07-09 17:15:56,956 [INFO] BoardConnectionPanel:226 - [DDR PANEL] osNameString: Windows
2020-07-09 17:15:57,369 [INFO] BoardConnectionPanel:3472 - [DDR PANEL] STM32CubeIDE environment
2020-07-09 17:15:57,370 [INFO] MainDdrPanel:103 - [DDR PANEL] GETTER - cubeProgrammerPath is: null
2020-07-09 17:15:57,638 [FATAL] Updater:277 - Updater called before beeing initialized
2020-07-09 17:15:58,130 [FATAL] Updater:277 - Updater called before beeing initialized
2020-07-09 17:15:58,139 [INFO] PinOutPanel:1399 - setPackage(No Configuration,No Configuration)
2020-07-09 17:15:58,140 [FATAL] Updater:277 - Updater called before beeing initialized
2020-07-09 17:15:58,149 [INFO] BoardConnectionPanel:3472 - [DDR PANEL] STM32CubeIDE environment
2020-07-09 17:15:58,150 [INFO] MainDdrPanel:103 - [DDR PANEL] GETTER - cubeProgrammerPath is: Z:\SOFTWARES\STM32_CUBE_IDE\STM32CubeIDE_1.0.2\STM32CubeIDE\plugins\com.st.stm32cube.ide.mcu.externaltools.cubeprogrammer.win32_1.1.0.201910081157\tools\bin
2020-07-09 17:15:58,163 [INFO] ProgrammerExecThread:148 - [ProgrammerAPI] CubeProgrammer command construction: Z:\SOFTWARES\STM32_CUBE_IDE\STM32CubeIDE_1.0.2\STM32CubeIDE\plugins\com.st.stm32cube.ide.mcu.externaltools.cubeprogrammer.win32_1.1.0.201910081157\tools\bin\STM32_Programmer_CLI.exe -l
2020-07-09 17:15:58,291 [FATAL] Updater:277 - Updater called before beeing initialized
2020-07-09 17:15:58,291 [ERROR] IntegrityCheckThread:252 - Cannot obtain thirdParties list 21
2020-07-09 17:15:58,292 [ERROR] IntegrityCheckThread:100 - Unexpected exception IntegrityCheckThread Thread: Updater error
2020-07-09 17:15:58,293 [INFO] ThirdPartyDb:261 - Close Third Party DataBase File (C:/Users/blueh/.stm32cubemx/plugins/thirdparty/db/thirdparties_db.xml)
2020-07-09 17:15:58,492 [INFO] MainDdrPanel:93 - [DDR PANEL] SETTER - Set cubeProgrammerPath to: Z:\SOFTWARES\STM32_CUBE_IDE\STM32CubeIDE_1.0.2\STM32CubeIDE\plugins\com.st.stm32cube.ide.mcu.externaltools.cubeprogrammer.win32_1.1.0.201910081157\tools\bin
2020-07-09 17:15:58,504 [INFO] Updater:886 - Updater Version found : 5.5.0
2020-07-09 17:15:58,550 [INFO] ApplicationProperties:181 - Using Application install path: Z:\SOFTWARES\STM32_CUBE_IDE\STM32CubeIDE_1.0.2\STM32CubeIDE\plugins\com.st.stm32cube.common.mx_5.5.0.201912201511
2020-07-09 17:15:58,835 [INFO] MainUpdater:2230 - connection check result : 10
2020-07-09 17:15:58,836 [INFO] MainUpdater:236 - Updater Check For Update Now.
2020-07-09 17:15:58,837 [INFO] MicroXplorer:420 - Change Database Version : DB.5.0.50
2020-07-09 17:15:58,907 [INFO] CheckServerUpdateThread:92 - End of CheckServer Thread
2020-07-09 17:15:59,047 [INFO] MainUpdater:2230 - connection check result : 10
2020-07-09 17:15:59,048 [INFO] LogOutputStream:76 - [STDOUT_REDIRECT] Successfull proxy connection.
2020-07-09 17:15:59,284 [INFO] McuFinderGlobals:40 - Set McuFinder mode to 2 (CubeIDE integrated)
2020-07-09 17:15:59,331 [INFO] FinderPluginLoader:86 - Searching for filters in installed packs
2020-07-09 17:15:59,337 [INFO] DbMcusXml:107 - Load MCU database from Z:\SOFTWARES\STM32_CUBE_IDE\STM32CubeIDE_1.0.2\STM32CubeIDE\plugins\com.st.stm32cube.common.mx_5.5.0.201912201511\\db\/mcu/families.xml
2020-07-09 17:16:00,796 [INFO] DbMcusJson:87 - JSON generation date=Thu Jul 02 21:17:47 IST 2020 (1593704867)
2020-07-09 17:16:02,557 [INFO] DbMcus:192 - Found 1628 MCUs (1588 are supported by CubeMX, 1588 are visible in CubeMX)
2020-07-09 17:16:02,561 [INFO] ApiDb:158 - Load user favorites file C:\Users\blueh/.stm32cubeide/favorites.mcus.txt: 0 item(s)
2020-07-09 17:16:02,561 [INFO] ApiDb:163 - User favorites MCUs=[]
2020-07-09 17:16:02,561 [INFO] DbMcus:203 - Set 0 / 0 favorites MCUs
2020-07-09 17:16:03,647 [INFO] DbMcusAds:130 - JSON generation date=Thu Apr 30 19:20:56 IST 2020 (1588254656)
2020-07-09 17:16:03,650 [INFO] LoadUrlFilesThread:161 - End of LoadServerUrlFiles without Thread
2020-07-09 17:16:03,684 [INFO] McuDetailPanel:181 - Set advertising image to C:/Users/blueh/STM32Cube/Repository/\PR_STM32Cube_GitHub_0320_V1.png
2020-07-09 17:16:04,406 [INFO] McuFilterPanel:282 - Update 0 favorites MCUs
2020-07-09 17:16:04,651 [INFO] DbBoardsPdsc:92 - Found 21 items
2020-07-09 17:16:04,654 [INFO] DbBoardsPdsc:92 - Found 9 items
2020-07-09 17:16:04,659 [INFO] DbBoardsPdsc:92 - Found 27 items
2020-07-09 17:16:04,661 [INFO] DbBoardsPdsc:92 - Found 1 items
2020-07-09 17:16:04,671 [INFO] DbBoardsPdsc:92 - Found 40 items
2020-07-09 17:16:04,682 [INFO] DbBoardsPdsc:92 - Found 39 items
2020-07-09 17:16:04,684 [INFO] DbBoardsPdsc:92 - Found 2 items
2020-07-09 17:16:04,689 [INFO] DbBoardsPdsc:92 - Found 4 items
2020-07-09 17:16:04,696 [WARN] DbBoardsPdsc:256 - Board STM32H7B3I-DK: unknown feature type=Audio, name=, username=Audio stereo codec with Headphone Amp (CS42L51-CNZ), n=1
2020-07-09 17:16:04,696 [WARN] DbBoardsPdsc:256 - Board STM32H7B3I-DK: unknown feature type=WIFI, name=, username=WIFI 802.11 b/g/n, n=1
2020-07-09 17:16:04,699 [WARN] DbBoardsPdsc:256 - Board STM32H7B3I-EVAL: unknown feature type=Audio, name=, username=Multi-Channel Audio Codec (CS42L51-CNZ), n=1
2020-07-09 17:16:04,699 [WARN] DbBoardsPdsc:256 - Board STM32H7B3I-EVAL: unknown feature type=Meter, name=, username=Power-metering and Temperature-monitoring with sigma-delta modulators, n=1
2020-07-09 17:16:04,699 [WARN] DbBoardsPdsc:256 - Board STM32H7B3I-EVAL: unknown feature type=WIFI, name=, username=WIFI 802.11 a/b/g/n, n=1
2020-07-09 17:16:04,700 [WARN] DbBoardsPdsc:256 - Board STM32H7B3I-EVAL: unknown feature type=Motor, name=, username=Motor Control, n=1
2020-07-09 17:16:04,701 [WARN] DbBoardsPdsc:256 - Board STEVAL-IDP005V1: unknown feature type=PWRSock, name=Power Socket, username=IO-Link 4-position M12 A-coded connector, n=1
2020-07-09 17:16:04,701 [WARN] DbBoardsPdsc:256 - Board STEVAL-IDP005V2: unknown feature type=PWRSock, name=Power Socket, username=IO-Link 4-position M12 A-coded connector, n=1
2020-07-09 17:16:04,734 [INFO] DbBoardsJson:79 - JSON generation date=Thu Jul 02 19:05:57 IST 2020 (1593696957)
2020-07-09 17:16:04,743 [INFO] DbBoards:120 - Found 145 boards (140 are supported by CubeMX)
2020-07-09 17:16:04,785 [INFO] DbBoardsDocs:118 - JSON generation date=Thu Jul 02 21:17:47 IST 2020 (1593704867)
2020-07-09 17:16:04,809 [INFO] DbBoardsDocs:57 - Found 185 boards documents
2020-07-09 17:16:04,810 [WARN] DbBoards:130 - board NUCLEO-H743ZI2 has no document id list !
2020-07-09 17:16:04,813 [WARN] DbBoards:130 - board P-NUCLEO-WB55-Nucleo has no document id list !
2020-07-09 17:16:04,813 [WARN] DbBoards:130 - board P-NUCLEO-WB55-USBDongle has no document id list !
2020-07-09 17:16:04,813 [WARN] DbBoards:130 - board STM32F401C-DISCO has no document id list !
2020-07-09 17:16:04,814 [WARN] DbBoards:130 - board STM32F769I-DISC1 has no document id list !
2020-07-09 17:16:04,814 [WARN] DbBoards:152 - board B-G474E-DPOW1 / document id not found: 4624
2020-07-09 17:16:04,815 [WARN] DbBoards:152 - board B-G474E-DPOW1 / document id not found: 4625
2020-07-09 17:16:04,815 [WARN] DbBoards:130 - board STM32L-DISCOVERY has no document id list !
2020-07-09 17:16:04,816 [WARN] DbBoards:130 - board STM32H747I-DISC1 has no document id list !
2020-07-09 17:16:04,816 [WARN] DbBoards:130 - board STM32MP157A-DK1 has no document id list !
2020-07-09 17:16:04,817 [WARN] DbBoards:130 - board STM32H743I-EVAL2 has no document id list !
2020-07-09 17:16:04,818 [WARN] DbBoards:130 - board STM32H753I-EVAL2 has no document id list !
2020-07-09 17:16:04,819 [WARN] DbBoards:130 - board STM32G474E-EVAL1 has no document id list !
2020-07-09 17:16:04,819 [WARN] DbBoards:130 - board STEVAL-BFA001V1B has no document id list !
2020-07-09 17:16:04,819 [WARN] DbBoards:130 - board STEVAL-BFA001V2B has no document id list !
2020-07-09 17:16:04,819 [WARN] DbBoards:130 - board STEVAL-MKSBOX1V1 has no document id list !
2020-07-09 17:16:04,819 [WARN] DbBoards:130 - board STEVAL-STWINKT1 has no document id list !
2020-07-09 17:16:04,820 [WARN] DbBoards:130 - board STEVAL-IDP005V1 has no document id list !
2020-07-09 17:16:04,820 [WARN] DbBoards:130 - board STEVAL-IDP005V2 has no document id list !
2020-07-09 17:16:05,401 [ERROR] DbBoards:192 - Image file not found for board P-NUCLEO-WB55: Z:\SOFTWARES\STM32_CUBE_IDE\STM32CubeIDE_1.0.2\STM32CubeIDE\plugins\com.st.stm32cube.common.mx_5.5.0.201912201511\\db\/plugins/mcufinder/images/boards/p-nucleo-wb55_small.jpg
2020-07-09 17:16:06,668 [ERROR] DbBoards:192 - Image file not found for board B-L4S5I-IOT01A: Z:\SOFTWARES\STM32_CUBE_IDE\STM32CubeIDE_1.0.2\STM32CubeIDE\plugins\com.st.stm32cube.common.mx_5.5.0.201912201511\\db\/plugins/mcufinder/images/boards/B-L4S5I-IOT01A_small.jpg
2020-07-09 17:16:06,669 [INFO] ApiDb:158 - Load user favorites file C:\Users\blueh/.stm32cubeide/favorites.boards.txt: 0 item(s)
2020-07-09 17:16:06,669 [INFO] ApiDb:163 - User favorites Boards=[]
2020-07-09 17:16:06,669 [INFO] DbBoards:209 - Set 0 / 0 favorites Boards
2020-07-09 17:16:06,859 [INFO] LoadUrlFilesThread:161 - End of LoadServerUrlFiles without Thread
2020-07-09 17:16:06,859 [INFO] BoardDetailPanel:179 - Set advertising image to C:/Users/blueh/STM32Cube/Repository/\PR_STM32Cube_GitHub_0320_V1.png
2020-07-09 17:16:06,916 [INFO] BoardFilterPanel:211 - Update 0 favorites Boards
2020-07-09 17:16:08,041 [INFO] CrossSelectorPresenter:1319 - Cross Selector saved comparison directory: C:\Users\blueh\.stmcufinder\plugins\mcufinder\mcu\cs_comparisons_mx
2020-07-09 17:17:07,737 [INFO] LogOutputStream:76 - [STDOUT_REDIRECT] withoutVersionV1.24.2
2020-07-09 17:17:07,738 [INFO] LogOutputStream:76 - [STDOUT_REDIRECT] withoutVersionV1.24.1
2020-07-09 17:17:07,738 [INFO] LogOutputStream:76 - [STDOUT_REDIRECT] withoutVersionV1.24.0
2020-07-09 17:17:14,757 [INFO] LogOutputStream:76 - [STDOUT_REDIRECT] File copied successfully!!
2020-07-09 17:17:18,907 [INFO] MainUpdater:2230 - connection check result : 10
2020-07-09 17:17:18,965 [INFO] MicroXplorer:390 - Change Database Path : 
2020-07-09 17:17:18,965 [INFO] MicroXplorer:420 - Change Database Version : DB.5.0.50
2020-07-09 17:17:18,969 [INFO] PinOutPanel:1399 - setPackage(No Configuration,No Configuration)
2020-07-09 17:17:18,970 [INFO] UtilMem:74 - Begin LoadConfig() Used Memory: 399862640 Bytes (536870912)
2020-07-09 17:17:18,971 [INFO] OpenFileManager:274 - Change cursor
2020-07-09 17:17:21,292 [INFO] Rule:210 - rule SPDIFRX instance for mcu is applicable
2020-07-09 17:17:21,292 [INFO] Rule:210 - rule Rename Tracer Mode is applicable
2020-07-09 17:17:21,292 [INFO] Rule:210 - rule SPDIFRX instance value for IP SPDIFRX is applicable
2020-07-09 17:17:21,292 [INFO] Rule:210 - rule SPDIFRX instance for signal is applicable
2020-07-09 17:17:21,292 [INFO] Rule:210 - rule SPDIFRX instance for project manager is applicable
2020-07-09 17:17:21,292 [INFO] Rule:210 - rule SPDIFRX instance for project manager is applicable
2020-07-09 17:17:21,292 [INFO] Rule:210 - rule ADC Scan  fix with FW F7 is applicable
2020-07-09 17:17:21,292 [INFO] Rule:210 - rule ADC Scan  fix with FW F7 is applicable
2020-07-09 17:17:21,292 [INFO] Rule:210 - rule Add RTC Activate Clock Source is applicable
2020-07-09 17:17:21,292 [INFO] Rule:210 - rule Add RTC Activate Calendar 1 is applicable
2020-07-09 17:17:21,292 [INFO] Rule:210 - rule Add RTC Activate Calendar 2 is applicable
2020-07-09 17:17:21,292 [INFO] Rule:210 - rule Add RTC Activate Calendar 3 is applicable
2020-07-09 17:17:21,292 [INFO] Rule:210 - rule UART/USART TX Mode is applicable
2020-07-09 17:17:21,292 [INFO] Rule:210 - rule UART/USART RX Mode is applicable
2020-07-09 17:17:21,292 [INFO] Rule:210 - rule UART/USART RX TX Mode is applicable
2020-07-09 17:17:21,292 [INFO] Rule:210 - rule UART/USART PARITY NONE is applicable
2020-07-09 17:17:21,292 [INFO] Rule:210 - rule UART/USART PARITY EVEN is applicable
2020-07-09 17:17:21,292 [INFO] Rule:210 - rule UART/USART PARITY ODD is applicable
2020-07-09 17:17:21,292 [INFO] Rule:210 - rule USART StopBits 1 is applicable
2020-07-09 17:17:21,292 [INFO] Rule:210 - rule USART StopBits 2 is applicable
2020-07-09 17:17:21,292 [INFO] Rule:210 - rule USART StopBits 1.5 is applicable
2020-07-09 17:17:21,292 [INFO] Rule:210 - rule USART StopBits 0.5 is applicable
2020-07-09 17:17:21,292 [INFO] Rule:210 - rule UART/USART WORD LENGTH 7 is applicable
2020-07-09 17:17:21,292 [INFO] Rule:210 - rule UART/USART WORD LENGTH 8 is applicable
2020-07-09 17:17:21,292 [INFO] Rule:210 - rule UART/USART WORD LENGTH 9 is applicable
2020-07-09 17:17:21,292 [INFO] Rule:210 - rule Rename FMC NAND NCE signal is applicable
2020-07-09 17:17:21,292 [INFO] Rule:210 - rule Rename FMC NAND INT signal is applicable
2020-07-09 17:17:21,292 [INFO] Rule:210 - rule Change Default Value for ADC ExternalTrigConv L4 family is applicable
2020-07-09 17:17:21,292 [INFO] Rule:210 - rule Change Default Value for ADC ExternalTrigInjecConv L4 family is applicable
2020-07-09 17:17:21,292 [INFO] Rule:210 - rule Change Default Value for ADC ExternalTrigConv F3 family is applicable
2020-07-09 17:17:21,292 [INFO] Rule:210 - rule Change Default Value for ADC ExternalTrigInjecConv F3 family is applicable
2020-07-09 17:17:21,292 [INFO] Rule:210 - rule Change Default Value for ADC ExternalTrigConv Goldfish serie is applicable
2020-07-09 17:17:21,292 [INFO] Rule:210 - rule Change Default Value for ADC ExternalTrigInjecConv Goldfish serie is applicable
2020-07-09 17:17:21,292 [INFO] Rule:210 - rule Change Default Value for ADC ExternalTrigConv L0 family is applicable
2020-07-09 17:17:21,292 [INFO] Rule:210 - rule Change Default Value for ADC ExternalTrigConv F0 family is applicable
2020-07-09 17:17:21,292 [INFO] Rule:210 - rule Change Default Value for ADC ExternalTrigConvn L1 family is applicable
2020-07-09 17:17:21,292 [INFO] Rule:210 - rule Change Default Value for ADC ExternalTrigInjecConv L1 family is applicable
2020-07-09 17:17:21,292 [INFO] Rule:210 - rule Change Default Value for ADC ExternalTrigConv F1 family is applicable
2020-07-09 17:17:21,292 [INFO] Rule:210 - rule Change Default Value for ADC ExternalTrigInjecConv F1 family is applicable
2020-07-09 17:17:21,292 [INFO] Rule:210 - rule Change Default Value for ADC ExternalTrigConv F7 family is applicable
2020-07-09 17:17:21,292 [INFO] Rule:210 - rule Change Default Value for ADC ExternalTrigInjecConv F7 family is applicable
2020-07-09 17:17:21,292 [INFO] Rule:210 - rule Change Default Value for ADC ExternalTrigConv F4 and F2 family is applicable
2020-07-09 17:17:21,292 [INFO] Rule:210 - rule Change Default Value for ADC ExternalTrigInjecConv F4 and F2 family is applicable
2020-07-09 17:17:21,292 [INFO] Rule:210 - rule ADC SamplingTime fix with FW L0  is applicable
2020-07-09 17:17:21,292 [INFO] Rule:210 - rule ADC SamplingTime fix with FW L0  is applicable
2020-07-09 17:17:21,292 [INFO] Rule:210 - rule ADC SamplingTime fix with FW L0 is applicable
2020-07-09 17:17:21,292 [INFO] Rule:210 - rule ADC SamplingTime fix with FW L0 is applicable
2020-07-09 17:17:21,292 [INFO] Rule:210 - rule ADC SamplingTime fix with FW L0  is applicable
2020-07-09 17:17:21,292 [INFO] Rule:210 - rule ADC SamplingTime fix with FW L0 is applicable
2020-07-09 17:17:21,292 [INFO] Rule:210 - rule Rename USB_OE Signal is applicable
2020-07-09 17:17:21,292 [INFO] Rule:210 - rule Rename Activate_OE Mode is applicable
2020-07-09 17:17:21,292 [INFO] Rule:210 - rule Rename DIE462/DIE415 pin PC14/OSC32_IN -> PC14-OSC32_IN (PC14) is applicable
2020-07-09 17:17:21,292 [INFO] Rule:210 - rule Rename DIE462/DIE415 pin PC15/OSC32_OUT -> PC15-OSC32_OUT (PC15) is applicable
2020-07-09 17:17:21,292 [INFO] Rule:210 - rule Rename DIE462/DIE415 pin PH0/OSC_IN -> PH0-OSC_IN (PH0) is applicable
2020-07-09 17:17:21,292 [INFO] Rule:210 - rule Rename DIE462/DIE415 pin PH1/OSC_OUT -> PH1-OSC_OUT (PH1) is applicable
2020-07-09 17:17:21,292 [INFO] Rule:210 - rule Rename DIE462 pin PA13 -> PA13 (JTMS/SWDIO) is applicable
2020-07-09 17:17:21,292 [INFO] Rule:210 - rule Rename DIE415 pin PA13 -> PA13 (JTMS/SWDIO) is applicable
2020-07-09 17:17:21,292 [INFO] Rule:210 - rule Rename DIE462 pin PA14 -> PA14 (JTCK/SWCLK) is applicable
2020-07-09 17:17:21,292 [INFO] Rule:210 - rule Rename DIE415 pin PA14 -> PA14 (JTCK/SWCLK) is applicable
2020-07-09 17:17:21,292 [INFO] Rule:210 - rule Rename DIE462/DIE415 pin PA15 -> PA15 (JTDI) is applicable
2020-07-09 17:17:21,292 [INFO] Rule:210 - rule Rename DIE462 pin PB3 -> PB3 (JTD0/TRACESWO) is applicable
2020-07-09 17:17:21,292 [INFO] Rule:210 - rule Rename DIE415 pin PB3 -> PB3 (JTD0-TRACESWO) is applicable
2020-07-09 17:17:21,292 [INFO] Rule:210 - rule Rename DIE462/DIE415 pin PB4 -> PB4 (NJTRST) is applicable
2020-07-09 17:17:21,292 [INFO] Rule:210 - rule Rename DIE462 pin PH3/BOOT0 -> PH3-BOOT0 (BOOT0) is applicable
2020-07-09 17:17:21,292 [INFO] Rule:210 - rule Rename CRYP DataEncryptionTypesList to Algorithm is applicable
2020-07-09 17:17:21,292 [INFO] Rule:210 - rule Rename AES DataEncryptionTypesList to Algorithm is applicable
2020-07-09 17:17:21,292 [INFO] Rule:210 - rule Rename TDESECB to CRYP_TDES_ECB is applicable
2020-07-09 17:17:21,292 [INFO] Rule:210 - rule Rename TDESCBC to CRYP_TDES_CBC is applicable
2020-07-09 17:17:21,292 [INFO] Rule:210 - rule Rename DESECB to CRYP_DES_ECB is applicable
2020-07-09 17:17:21,292 [INFO] Rule:210 - rule Rename DESCBC to CRYP_DES_CBC is applicable
2020-07-09 17:17:21,292 [INFO] Rule:210 - rule Rename AESECB to CRYP_AES_ECB is applicable
2020-07-09 17:17:21,292 [INFO] Rule:210 - rule Rename AESCBC to CRYP_AES_CBC is applicable
2020-07-09 17:17:21,292 [INFO] Rule:210 - rule Rename AESCTR to CRYP_AES_CTR is applicable
2020-07-09 17:17:21,292 [INFO] Rule:210 - rule Rename AESGCM to CRYP_AES_GCM is applicable
2020-07-09 17:17:21,292 [INFO] Rule:210 - rule Rename AESCCM to CRYP_AES_CCM is applicable
2020-07-09 17:17:21,292 [INFO] Rule:210 - rule Rename CAN TimeSeg1 to BS1 is applicable
2020-07-09 17:17:21,292 [INFO] Rule:210 - rule Rename CAN TimeSeg2 to BS2 is applicable
2020-07-09 17:17:21,292 [INFO] Rule:210 - rule Rename CAN SyncJumpWidth to SJW is applicable
2020-07-09 17:17:21,292 [INFO] Rule:210 - rule TimeTriggeredMode to TTCM is applicable
2020-07-09 17:17:21,292 [INFO] Rule:210 - rule Rename CAN AutoBusOff to ABOM is applicable
2020-07-09 17:17:21,292 [INFO] Rule:210 - rule Rename CAN AutoWakeUp to AWUM is applicable
2020-07-09 17:17:21,292 [INFO] Rule:210 - rule Rename CAN AutoRetransmission to NART is applicable
2020-07-09 17:17:21,292 [INFO] Rule:210 - rule Rename CAN ReceiveFifoLocked to RFLM is applicable
2020-07-09 17:17:21,292 [INFO] Rule:210 - rule Rename CAN TransmitFifoPriority to TXFP is applicable
2020-07-09 17:17:21,292 [INFO] Rule:210 - rule Rename HRTIMER HRTIM_OUTPUTFAULTLEVEL_HIGH in HRTIMER HRTIM_OUTPUTFAULTLEVEL_HIGHZ is applicable
2020-07-09 17:17:21,292 [INFO] Rule:210 - rule Rename TIMER TIM_CLEARINPUTSOURCE_OCREFCLR in  TIMER TIM_CLEARINPUTSOURCE_NONE for F7 family is applicable
2020-07-09 17:17:21,292 [INFO] Rule:210 - rule FDCAN_R1 - Rename FDCAN mode Master into Classic is applicable
2020-07-09 17:17:21,292 [INFO] Rule:210 - rule FDCAN_R2 - Rename FDCAN mode Slave into Classic is applicable
2020-07-09 17:17:21,292 [INFO] Rule:210 - rule FDCAN1_R3 - if PA10.Mode=FullDuplex, add Pin PA12 is applicable
2020-07-09 17:17:21,292 [INFO] Rule:210 - rule FDCAN1_R3 - if PA9.Mode=FullDuplex, add Pin PA11 is applicable
2020-07-09 17:17:21,292 [INFO] Rule:210 - rule FDCAN1_R3 - Alternatepin_1 - if PE1.Mode=FullDuplex, add Pin PB9 is applicable
2020-07-09 17:17:21,292 [INFO] Rule:210 - rule FDCAN1_R3 - Alternatepin_1 - if PE0.Mode=FullDuplex, add Pin PB8 is applicable
2020-07-09 17:17:21,292 [INFO] Rule:210 - rule FDCAN1_R3 - Alternatepin_2 - if PD5.Mode=FullDuplex, add Pin PD1 is applicable
2020-07-09 17:17:21,292 [INFO] Rule:210 - rule FDCAN1_R3 - Alternatepin_2 - if PD4.Mode=FullDuplex, add Pin PD0 is applicable
2020-07-09 17:17:21,292 [INFO] Rule:210 - rule FDCAN1_R4 - Rename Mode FullDuplex into Enable FDCAN_TXFD for pin PA10 is applicable
2020-07-09 17:17:21,292 [INFO] Rule:210 - rule FDCAN1_R4 - Rename Mode FullDuplex into Enable FDCAN_TXFD for pin PA9 is applicable
2020-07-09 17:17:21,292 [INFO] Rule:210 - rule FDCAN1_R4 - Alternatepin_1 - Rename Mode FullDuplex into Enable FDCAN_TXFD for pin PE1 is applicable
2020-07-09 17:17:21,292 [INFO] Rule:210 - rule FDCAN1_R4 - Alternatepin_1 - Rename Mode FullDuplex into Enable FDCAN_TXFD for pin PE0 is applicable
2020-07-09 17:17:21,292 [INFO] Rule:210 - rule FDCAN1_R4 - Alternatepin_2 - Rename Mode FullDuplex into Enable FDCAN_TXFD for pin PD5 is applicable
2020-07-09 17:17:21,292 [INFO] Rule:210 - rule FDCAN1_R4 - Alternatepin_2 - Rename Mode FullDuplex into Enable FDCAN_TXFD for pin PD4 is applicable
2020-07-09 17:17:21,292 [INFO] Rule:210 - rule FDCAN2_R3 - if PD10.Mode=FullDuplex, add Pin PB13 is applicable
2020-07-09 17:17:21,292 [INFO] Rule:210 - rule FDCAN2_R3 - if PD9.Mode=FullDuplex, add Pin PB12 is applicable
2020-07-09 17:17:21,292 [INFO] Rule:210 - rule FDCAN2_R3 - Alternatepin_1 - if PB7.Mode=FullDuplex, add Pin PB6 is applicable
2020-07-09 17:17:21,292 [INFO] Rule:210 - rule FDCAN2_R3 - Alternatepin_1 - if PD9.Mode=FullDuplex, add Pin PB12 is applicable
2020-07-09 17:17:21,292 [INFO] Rule:210 - rule FDCAN2_R4 - Rename Mode FullDuplex into Enable FDCAN_TXFD for pin PD10 is applicable
2020-07-09 17:17:21,292 [INFO] Rule:210 - rule FDCAN2_R4 - Rename Mode FullDuplex into Enable FDCAN_TXFD for pin PD9 is applicable
2020-07-09 17:17:21,292 [INFO] Rule:210 - rule FDCAN2_R4 - Alternatepin_1 - Rename Mode FullDuplex into Enable FDCAN_TXFD for pin PB7 is applicable
2020-07-09 17:17:21,292 [INFO] Rule:210 - rule FDCAN2_R4 - Alternatepin_1 - Rename Mode FullDuplex into Enable FDCAN_TXFD for pin PD6 is applicable
2020-07-09 17:17:21,292 [INFO] Rule:210 - rule USART TxPinLevelInvertParam Mode is applicable
2020-07-09 17:17:21,292 [INFO] Rule:210 - rule USART RxPinLevelInvertParam Mode is applicable
2020-07-09 17:17:21,292 [INFO] Rule:210 - rule USART DataInvertParam Mode is applicable
2020-07-09 17:17:21,292 [INFO] Rule:210 - rule USART SwapParam Mode is applicable
2020-07-09 17:17:21,292 [INFO] Rule:210 - rule USART OverrunDisableParam Mode is applicable
2020-07-09 17:17:21,292 [INFO] Rule:210 - rule USART DMADisableonRxErrorParam Mode is applicable
2020-07-09 17:17:21,292 [INFO] Rule:210 - rule USART MSBFirstParam Mode is applicable
2020-07-09 17:17:21,292 [INFO] Rule:210 - rule Update MwName for USB_DEVICE is applicable
2020-07-09 17:17:21,308 [INFO] Rule:210 - rule Change PWR_Regulator_Voltage_Scale Default Value for RCC  H7 family is applicable
2020-07-09 17:17:21,308 [INFO] Rule:210 - rule UART/USART IPParameter rename Prescaler parameter to ClockPrescaler is applicable
2020-07-09 17:17:21,308 [INFO] Rule:210 - rule UART/USART Prescaler rename Prescaler parameter to ClockPrescaler is applicable
2020-07-09 17:17:21,308 [INFO] Rule:210 - rule TIM1CLockSelection is applicable
2020-07-09 17:17:21,308 [INFO] Rule:210 - rule TIM15CLockSelection is applicable
2020-07-09 17:17:21,308 [INFO] Rule:210 - rule align RCC SDMMC3CLockSelection default value on MP1 is applicable
2020-07-09 17:17:21,308 [INFO] Rule:210 - rule align RCC SDMMC12CLockSelection default value on MP1 is applicable
2020-07-09 17:17:21,308 [INFO] Rule:210 - rule align RCC QSPICLockSelection default value on MP1 is applicable
2020-07-09 17:17:21,308 [INFO] Rule:210 - rule align RCC QSPICLockSelection default value on MP1 is applicable
2020-07-09 17:17:21,308 [INFO] Rule:210 - rule align RCC SPI6CLockSelection default value on MP1 is applicable
2020-07-09 17:17:21,308 [INFO] Rule:210 - rule align RCC LPTIM23CLockSelection default value on MP1 is applicable
2020-07-09 17:17:21,308 [INFO] Rule:210 - rule align RCC LPTIM1CLockSelection default value on MP1 is applicable
2020-07-09 17:17:21,308 [INFO] Rule:210 - rule align RCC USART1CLockSelection default value on MP1 is applicable
2020-07-09 17:17:21,308 [INFO] Rule:210 - rule align RCC USART24CLockSelection default value on MP1 is applicable
2020-07-09 17:17:21,308 [INFO] Rule:210 - rule align RCC USART6CLockSelection default value on MP1 is applicable
2020-07-09 17:17:21,308 [INFO] Rule:210 - rule align RCC UART78CLockSelection default value on MP1 is applicable
2020-07-09 17:17:21,308 [INFO] Rule:210 - rule align RCC USART35CLockSelection default value on MP1 is applicable
2020-07-09 17:17:21,308 [INFO] Rule:210 - rule align RCC SPI45CLockSelection default value on MP1 is applicable
2020-07-09 17:17:21,308 [INFO] Rule:210 - rule align RCC I2C46CLockSelection BCLK value on MP1 is applicable
2020-07-09 17:17:21,308 [INFO] Rule:210 - rule align RCC SPI45CLockSelection default value on MP1 is applicable
2020-07-09 17:17:21,308 [INFO] Rule:210 - rule align RCC I2C12CLockSelection default value on MP1 is applicable
2020-07-09 17:17:21,308 [INFO] Rule:210 - rule align RCC I2C35CLockSelection default value on MP1 is applicable
2020-07-09 17:17:21,308 [INFO] Rule:210 - rule align RCC LPTIM45CLockSelection default value on MP1 is applicable
2020-07-09 17:17:21,308 [INFO] Rule:210 - rule Rename DCMI PIXCK signal is applicable
2020-07-09 17:17:21,308 [INFO] Rule:210 - rule Change Default Value for I2C46CLockSelection MP1 family is applicable
2020-07-09 17:17:21,308 [INFO] Rule:210 - rule Change Default Value for UART for G4, G0 and WB families is applicable
2020-07-09 17:17:21,308 [INFO] Rule:210 - rule Change Default Value for USART for G4, G0 and WB families is applicable
2020-07-09 17:17:21,308 [INFO] Rule:210 - rule Change Default Value for USART for G4 family is applicable
2020-07-09 17:17:21,308 [INFO] Rule:210 - rule Change USART1CLockSelection refparam name for MP1 is applicable
2020-07-09 17:17:21,308 [INFO] Rule:210 - rule Change USART2CLockSelection refparam name for MP1 is applicable
2020-07-09 17:17:21,308 [INFO] Rule:210 - rule Change USART3CLockSelection refparam name for MP1 is applicable
2020-07-09 17:17:21,308 [INFO] Rule:210 - rule Change UART4CLockSelection refparam name for MP1 is applicable
2020-07-09 17:17:21,308 [INFO] Rule:210 - rule Change UART5CLockSelection refparam name for MP1 is applicable
2020-07-09 17:17:21,308 [INFO] Rule:210 - rule Change LPUART1CLockSelection refparam name for MP1 is applicable
2020-07-09 17:17:21,308 [INFO] Rule:210 - rule Change LPTIM1CLockSelection refparam name for MP1 is applicable
2020-07-09 17:17:21,308 [INFO] Rule:210 - rule Change LPTIM2CLockSelection refparam name for MP1 is applicable
2020-07-09 17:17:21,308 [INFO] Rule:210 - rule Change RCC_MCO1Source refparam name for MP1 is applicable
2020-07-09 17:17:21,308 [INFO] Rule:210 - rule Change LSCOSource1 refparam name for MP1 is applicable
2020-07-09 17:17:21,308 [INFO] Rule:210 - rule Change SMPSCLockSelection refparam name for MP1 is applicable
2020-07-09 17:17:21,308 [INFO] Rule:210 - rule Change LPTIM3CLockSelection refparam name for MP1 is applicable
2020-07-09 17:17:21,308 [INFO] Rule:210 - rule Change MPCBB* Default Template Mode to Parameters is applicable
2020-07-09 17:17:21,308 [INFO] Rule:210 - rule Change MPCWM* or MPCBB* Secure Mode to Parameters is applicable
2020-07-09 17:17:21,308 [INFO] Rule:210 - rule Change MPCWM* or MPCBB* No Secure Mode to Parameters is applicable
2020-07-09 17:17:21,308 [INFO] Rule:210 - rule Change TZSC IP Secure Mode to Parameters is applicable
2020-07-09 17:17:21,308 [INFO] Rule:210 - rule Change TZSC IP No Secure Mode to Parameters is applicable
2020-07-09 17:17:21,308 [INFO] Rule:210 - rule Change TZSC IP Privilege Mode to Parameters is applicable
2020-07-09 17:17:21,308 [INFO] Rule:210 - rule Change TZSC IP No Privilege Mode to Parameters is applicable
2020-07-09 17:17:21,308 [INFO] Rule:210 - rule Change TZIC IT Secure Mode to Parameters is applicable
2020-07-09 17:17:21,308 [INFO] Rule:210 - rule Change TZIC IT No Secure Mode to Parameters is applicable
2020-07-09 17:17:21,308 [INFO] Rule:210 - rule Add MPCBB1_NonSecureArea_Start_Address value with referenced to MPCBB1_NonSecureArea_Start value is applicable
2020-07-09 17:17:21,308 [INFO] Rule:210 - rule Add MPCBB2_NonSecureArea_Start_Address value with referenced to MPCBB2_NonSecureArea_Start value is applicable
2020-07-09 17:17:21,308 [INFO] Rule:210 - rule Add MPCWM1_NonSecureArea*_Start_Address value with referenced to MPCWM1_NonSecureArea*_Start value is applicable
2020-07-09 17:17:21,308 [INFO] Rule:210 - rule Add MPCWM2_NonSecureArea*_Start_Address value with referenced to MPCWM2_NonSecureArea*_Start value is applicable
2020-07-09 17:17:21,308 [INFO] Rule:210 - rule Add MPCWM3_NonSecureArea_Start_Address value with referenced to MPCWM3_NonSecureArea_Start value is applicable
2020-07-09 17:17:21,323 [INFO] DbConfProperties:222 - Apply Compatibility (46/170 Rules)
2020-07-09 17:17:21,355 [INFO] ImportTextPane:162 - (OptionalMessage_ERROR) Unable to find key (Mcu.ThirdPartyNb) in loaded IOC file
2020-07-09 17:17:21,401 [INFO] ImportTextPane:162 - (OptionalMessage_ERROR) IP (RCC) : Invalid parameter (48MHZClocksFreq_Value)
2020-07-09 17:17:21,401 [INFO] ImportTextPane:162 - (OptionalMessage_ERROR) IP (RCC) : Invalid parameter (EthernetFreq_Value)
2020-07-09 17:17:21,417 [INFO] ImportTextPane:162 - (OptionalMessage_ERROR) IP (RCC) : Parameter (FLatency) has Id (AdvancedSettings) currently not set
2020-07-09 17:17:21,417 [INFO] ImportTextPane:162 - (OptionalMessage_ERROR) IP (RCC) : Invalid parameter (FamilyName)
2020-07-09 17:17:21,417 [INFO] ImportTextPane:162 - (OptionalMessage_ERROR) IP (RCC) : Invalid parameter (I2SClocksFreq_Value)
2020-07-09 17:17:21,417 [INFO] ImportTextPane:162 - (OptionalMessage_ERROR) IP (RCC) : Parameter (SDIOFreq_Value) has invalid value (168000000)
2020-07-09 17:17:21,417 [INFO] ImportTextPane:162 - (OptionalMessage_ERROR) IP (RCC) : Parameter (USBFreq_Value) has invalid value (168000000)
2020-07-09 17:17:21,417 [INFO] ImportTextPane:162 - (OptionalMessage_ERROR) IP (RCC) : Invalid parameter (VCOInputMFreq_Value)
2020-07-09 17:17:21,417 [INFO] ImportTextPane:162 - (OptionalMessage_ERROR) IP (RCC) : Invalid parameter (VcooutputI2S)
2020-07-09 17:17:21,734 [INFO] UtilMem:74 - End LoadConfig() Used Memory: 425984304 Bytes (536870912)
2020-07-09 17:17:21,759 [INFO] ThirdPartyDb:295 - Open Third Party DataBase File (C:/Users/blueh/.stm32cubemx/plugins/thirdparty/db/thirdparties_db.xml) : 13 ms. number of Sw pack : 25
2020-07-09 17:17:21,943 [INFO] ThirdParty:899 - CMSIS Pack Vendor :STMicroelectronics X-CUBE-MEMS1 6.0.1
2020-07-09 17:17:21,943 [INFO] ThirdParty:899 - CMSIS Pack Vendor :STMicroelectronics X-CUBE-NFC4 1.4.0
2020-07-09 17:17:21,943 [INFO] ThirdParty:899 - CMSIS Pack Vendor :STMicroelectronics X-CUBE-NFC4 1.3.0
2020-07-09 17:17:21,943 [INFO] ThirdParty:899 - CMSIS Pack Vendor :STMicroelectronics X-CUBE-NFC4 1.5.1
2020-07-09 17:17:21,943 [INFO] ThirdParty:899 - CMSIS Pack Vendor :STMicroelectronics X-CUBE-NFC4 1.5.0
2020-07-09 17:17:21,943 [INFO] ThirdParty:899 - CMSIS Pack Vendor :STMicroelectronics X-CUBE-AI 4.1.0
2020-07-09 17:17:21,943 [INFO] ThirdParty:899 - CMSIS Pack Vendor :STMicroelectronics X-CUBE-MEMS1 6.2.0
2020-07-09 17:17:21,943 [INFO] ThirdParty:899 - CMSIS Pack Vendor :STMicroelectronics X-CUBE-AI 4.0.0
2020-07-09 17:17:21,943 [INFO] ThirdParty:899 - CMSIS Pack Vendor :STMicroelectronics X-CUBE-BLE1 4.3.0
2020-07-09 17:17:21,944 [INFO] ThirdParty:899 - CMSIS Pack Vendor :STMicroelectronics X-CUBE-AI 3.3.0
2020-07-09 17:17:21,944 [INFO] ThirdParty:899 - CMSIS Pack Vendor :STMicroelectronics X-CUBE-SUBG2 1.1.0
2020-07-09 17:17:21,944 [INFO] ThirdParty:899 - CMSIS Pack Vendor :STMicroelectronics X-CUBE-BLE1 5.0.0
2020-07-09 17:17:21,944 [INFO] ThirdParty:899 - CMSIS Pack Vendor :STMicroelectronics X-CUBE-SUBG2 1.0.0
2020-07-09 17:17:21,944 [INFO] ThirdParty:899 - CMSIS Pack Vendor :ARM CMSIS 5.6.0
2020-07-09 17:17:21,944 [INFO] ThirdParty:899 - CMSIS Pack Vendor :STMicroelectronics FreeRTOS 0.0.1
2020-07-09 17:17:21,944 [INFO] ThirdParty:899 - CMSIS Pack Vendor :STMicroelectronics X-CUBE-ALGOBUILD 1.0.0
2020-07-09 17:17:21,944 [INFO] ThirdParty:899 - CMSIS Pack Vendor :STMicroelectronics X-CUBE-MEMS1 7.0.0
2020-07-09 17:17:21,944 [INFO] ThirdParty:899 - CMSIS Pack Vendor :STMicroelectronics X-CUBE-TOUCHGFX 4.13.0
2020-07-09 17:17:21,944 [INFO] ThirdParty:899 - CMSIS Pack Vendor :STMicroelectronics X-CUBE-NFC4 1.5.2
2020-07-09 17:17:21,944 [INFO] ThirdParty:899 - CMSIS Pack Vendor :STMicroelectronics X-CUBE-MEMS1 7.1.0
2020-07-09 17:17:21,944 [INFO] ThirdParty:899 - CMSIS Pack Vendor :STMicroelectronics X-CUBE-AI 5.1.1
2020-07-09 17:17:21,944 [INFO] ThirdParty:899 - CMSIS Pack Vendor :STMicroelectronics X-CUBE-MEMS1 7.2.0
2020-07-09 17:17:21,944 [INFO] ThirdParty:899 - CMSIS Pack Vendor :STMicroelectronics X-CUBE-AI 5.1.2
2020-07-09 17:17:21,945 [INFO] ThirdParty:899 - CMSIS Pack Vendor :STMicroelectronics X-CUBE-AI 5.0.0
2020-07-09 17:17:21,945 [INFO] ThirdParty:899 - CMSIS Pack Vendor :STMicroelectronics X-CUBE-AI 5.1.0
2020-07-09 17:17:22,183 [INFO] PinOutPanel:1399 - setPackage(No Configuration,No Configuration)
2020-07-09 17:17:22,184 [INFO] PinOutPanel:1399 - setPackage(STM32F446RETx,LQFP64)
2020-07-09 17:17:22,663 [INFO] UtilMem:74 - Before build in PCC Used Memory: 355184280 Bytes (536870912)
2020-07-09 17:17:22,998 [INFO] SharedServices:71 - Folder for power plug-in: C:/Users/blueh/.stm32cubemx/plugins/power
2020-07-09 17:17:22,999 [INFO] UtilMem:74 - After build in PCC Used Memory: 371448320 Bytes (536870912)
2020-07-09 17:17:23,016 [INFO] IPUIPlugin:65 - create IPUIPlugin
2020-07-09 17:17:23,016 [INFO] IPUIPlugin:65 - create IPUIPlugin
2020-07-09 17:17:23,016 [INFO] IPUIPlugin:65 - create IPUIPlugin
2020-07-09 17:17:23,016 [INFO] IPUIPlugin:65 - create IPUIPlugin
2020-07-09 17:17:23,016 [INFO] IPUIPlugin:65 - create IPUIPlugin
2020-07-09 17:17:23,017 [INFO] IPUIPlugin:65 - create IPUIPlugin
2020-07-09 17:17:23,017 [INFO] IPUIPlugin:65 - create IPUIPlugin
2020-07-09 17:17:23,017 [INFO] IPUIPlugin:65 - create IPUIPlugin
2020-07-09 17:17:23,017 [INFO] IPUIPlugin:65 - create IPUIPlugin
2020-07-09 17:17:23,017 [INFO] IPUIPlugin:65 - create IPUIPlugin
2020-07-09 17:17:23,017 [INFO] IPUIPlugin:65 - create IPUIPlugin
2020-07-09 17:17:23,017 [INFO] IPUIPlugin:65 - create IPUIPlugin
2020-07-09 17:17:23,018 [INFO] IPUIPlugin:65 - create IPUIPlugin
2020-07-09 17:17:23,018 [INFO] IPUIPlugin:65 - create IPUIPlugin
2020-07-09 17:17:23,018 [INFO] IPUIPlugin:65 - create IPUIPlugin
2020-07-09 17:17:23,018 [INFO] IPUIPlugin:65 - create IPUIPlugin
2020-07-09 17:17:23,018 [INFO] IPUIPlugin:65 - create IPUIPlugin
2020-07-09 17:17:23,018 [INFO] IPUIPlugin:65 - create IPUIPlugin
2020-07-09 17:17:23,018 [INFO] IPUIPlugin:65 - create IPUIPlugin
2020-07-09 17:17:23,018 [INFO] IPUIPlugin:65 - create IPUIPlugin
2020-07-09 17:17:23,019 [INFO] IPUIPlugin:65 - create IPUIPlugin
2020-07-09 17:17:23,019 [INFO] IPUIPlugin:65 - create IPUIPlugin
2020-07-09 17:17:23,019 [INFO] IPUIPlugin:65 - create IPUIPlugin
2020-07-09 17:17:23,019 [INFO] IPUIPlugin:65 - create IPUIPlugin
2020-07-09 17:17:23,019 [INFO] IPUIPlugin:65 - create IPUIPlugin
2020-07-09 17:17:23,019 [INFO] IPUIPlugin:65 - create IPUIPlugin
2020-07-09 17:17:23,019 [INFO] IPUIPlugin:65 - create IPUIPlugin
2020-07-09 17:17:23,020 [INFO] IPUIPlugin:65 - create IPUIPlugin
2020-07-09 17:17:23,020 [INFO] IPUIPlugin:65 - create IPUIPlugin
2020-07-09 17:17:23,020 [INFO] IPUIPlugin:65 - create IPUIPlugin
2020-07-09 17:17:23,020 [INFO] IPUIPlugin:65 - create IPUIPlugin
2020-07-09 17:17:23,020 [INFO] IPUIPlugin:65 - create IPUIPlugin
2020-07-09 17:17:23,020 [INFO] IPUIPlugin:65 - create IPUIPlugin
2020-07-09 17:17:23,020 [INFO] IPUIPlugin:65 - create IPUIPlugin
2020-07-09 17:17:23,021 [INFO] IPUIPlugin:65 - create IPUIPlugin
2020-07-09 17:17:23,021 [INFO] IPUIPlugin:65 - create IPUIPlugin
2020-07-09 17:17:23,021 [INFO] IPUIPlugin:65 - create IPUIPlugin
2020-07-09 17:17:23,021 [INFO] IPUIPlugin:65 - create IPUIPlugin
2020-07-09 17:17:23,021 [INFO] IPUIPlugin:65 - create IPUIPlugin
2020-07-09 17:17:23,021 [INFO] IPUIPlugin:65 - create IPUIPlugin
2020-07-09 17:17:23,021 [INFO] IPUIPlugin:65 - create IPUIPlugin
2020-07-09 17:17:23,022 [INFO] IPUIPlugin:65 - create IPUIPlugin
2020-07-09 17:17:23,022 [INFO] IPUIPlugin:65 - create IPUIPlugin
2020-07-09 17:17:23,022 [INFO] IPUIPlugin:65 - create IPUIPlugin
2020-07-09 17:17:23,022 [INFO] IPUIPlugin:65 - create IPUIPlugin
2020-07-09 17:17:23,022 [INFO] IPUIPlugin:65 - create IPUIPlugin
2020-07-09 17:17:23,022 [INFO] IPUIPlugin:65 - create IPUIPlugin
2020-07-09 17:17:23,023 [INFO] IPUIPlugin:65 - create IPUIPlugin
2020-07-09 17:17:23,023 [INFO] IPUIPlugin:65 - create IPUIPlugin
2020-07-09 17:17:23,023 [INFO] IPUIPlugin:65 - create IPUIPlugin
2020-07-09 17:17:23,023 [INFO] IPUIPlugin:65 - create IPUIPlugin
2020-07-09 17:17:23,023 [INFO] IPUIPlugin:65 - create IPUIPlugin
2020-07-09 17:17:23,023 [INFO] IPUIPlugin:65 - create IPUIPlugin
2020-07-09 17:17:23,023 [INFO] IPUIPlugin:65 - create IPUIPlugin
2020-07-09 17:17:23,024 [INFO] IPUIPlugin:65 - create IPUIPlugin
2020-07-09 17:17:23,024 [INFO] IPUIPlugin:65 - create IPUIPlugin
2020-07-09 17:17:23,024 [INFO] IPUIPlugin:65 - create IPUIPlugin
2020-07-09 17:17:23,025 [INFO] IPUIPlugin:65 - create IPUIPlugin
2020-07-09 17:17:23,025 [INFO] IPUIPlugin:65 - create IPUIPlugin
2020-07-09 17:17:23,025 [INFO] IPUIPlugin:65 - create IPUIPlugin
2020-07-09 17:17:23,056 [INFO] LogOutputStream:76 - [STDOUT_REDIRECT] toolchainItems.length=====1
2020-07-09 17:17:23,147 [INFO] OpenFileManager:294 - Restore cursor
2020-07-09 17:17:23,457 [INFO] UtilMem:74 - End SaveConfig() Used Memory: 444861256 Bytes (536870912)
2020-07-09 17:17:23,519 [INFO] UtilMem:74 - End SaveConfig() Used Memory: 325335400 Bytes (536870912)
2020-07-09 17:17:24,012 [INFO] BlockDiagram:2751 - set Specific Code input for plugin: SYS
2020-07-09 17:17:24,013 [INFO] BlockDiagram:2751 - set Specific Code input for plugin: RCC
2020-07-09 17:17:24,013 [INFO] BlockDiagram:2751 - set Specific Code input for plugin: NVIC
2020-07-09 17:17:24,013 [INFO] BlockDiagram:2751 - set Specific Code input for plugin: USART
2020-07-09 17:17:24,013 [INFO] BlockDiagram:2751 - set Specific Code input for plugin: GPIO
2020-07-09 17:17:24,015 [INFO] CodeGenerator:601 - code generatio: config db path: Z:\SOFTWARES\STM32_CUBE_IDE\STM32CubeIDE_1.0.2\STM32CubeIDE\plugins\com.st.stm32cube.common.mx_5.5.0.201912201511\\db\
2020-07-09 17:17:24,548 [INFO] CodeEngine:193 - oldGeneratedFile, C:\Users\blueh\Desktop\CAN-Projects\can1-loopbackMode\MXTmpFiles\license.tmp_save
2020-07-09 17:17:24,906 [INFO] CodeEngine:211 - Generated code: C:\Users\blueh\Desktop\CAN-Projects\can1-loopbackMode\MXTmpFiles\license.tmp
2020-07-09 17:17:25,034 [INFO] CodeEngine:193 - oldGeneratedFile, C:\Users\blueh\Desktop\CAN-Projects\can1-loopbackMode\MXTmpFiles\gpio.tmp_save
2020-07-09 17:17:25,189 [INFO] CodeEngine:211 - Generated code: C:\Users\blueh\Desktop\CAN-Projects\can1-loopbackMode\MXTmpFiles\gpio.tmp
2020-07-09 17:17:25,295 [INFO] LogOutputStream:76 - [STDOUT_REDIRECT] Command line
2020-07-09 17:17:25,297 [INFO] LogOutputStream:76 - [STDOUT_REDIRECT] Debug : prepare data for USART
2020-07-09 17:17:25,299 [INFO] LogOutputStream:76 - [STDOUT_REDIRECT] Command line test
2020-07-09 17:17:25,302 [INFO] LogOutputStream:76 - [STDOUT_REDIRECT] Debug : prepare data for NVIC
2020-07-09 17:17:25,304 [INFO] LogOutputStream:76 - [STDOUT_REDIRECT] Command line test
2020-07-09 17:17:25,356 [INFO] CodeEngine:193 - oldGeneratedFile, C:\Users\blueh\Desktop\CAN-Projects\can1-loopbackMode\Core\Src\stm32f4xx_it.c_save
2020-07-09 17:17:25,693 [INFO] CodeEngine:211 - Generated code: C:\Users\blueh\Desktop\CAN-Projects\can1-loopbackMode\Core\Src\stm32f4xx_it.c
2020-07-09 17:17:25,728 [INFO] CodeEngine:193 - oldGeneratedFile, C:\Users\blueh\Desktop\CAN-Projects\can1-loopbackMode\Core\Inc\stm32f4xx_it.h_save
2020-07-09 17:17:25,871 [INFO] CodeEngine:211 - Generated code: C:\Users\blueh\Desktop\CAN-Projects\can1-loopbackMode\Core\Inc\stm32f4xx_it.h
2020-07-09 17:17:25,916 [INFO] CodeEngine:193 - oldGeneratedFile, C:\Users\blueh\Desktop\CAN-Projects\can1-loopbackMode\Core\Src\stm32f4xx_hal_msp.c_save
2020-07-09 17:17:26,113 [INFO] CodeEngine:211 - Generated code: C:\Users\blueh\Desktop\CAN-Projects\can1-loopbackMode\Core\Src\stm32f4xx_hal_msp.c
2020-07-09 17:17:26,156 [INFO] CodeEngine:193 - oldGeneratedFile, C:\Users\blueh\Desktop\CAN-Projects\can1-loopbackMode\MXTmpFiles\system.tmp_save
2020-07-09 17:17:26,237 [INFO] CodeEngine:211 - Generated code: C:\Users\blueh\Desktop\CAN-Projects\can1-loopbackMode\MXTmpFiles\system.tmp
2020-07-09 17:17:26,282 [INFO] CodeEngine:193 - oldGeneratedFile, C:\Users\blueh\Desktop\CAN-Projects\can1-loopbackMode\Core\Inc\stm32f4xx_hal_conf.h_save
2020-07-09 17:17:26,449 [INFO] CodeEngine:211 - Generated code: C:\Users\blueh\Desktop\CAN-Projects\can1-loopbackMode\Core\Inc\stm32f4xx_hal_conf.h
2020-07-09 17:17:26,491 [WARN] IPConfigManager:2706 - IP not found : gpio
2020-07-09 17:17:26,492 [WARN] CodeGenerator:2776 - IP not found : gpio
2020-07-09 17:17:26,525 [INFO] CodeEngine:193 - oldGeneratedFile, C:\Users\blueh\Desktop\CAN-Projects\can1-loopbackMode\Core\Inc\main.h_save
2020-07-09 17:17:26,689 [INFO] CodeEngine:211 - Generated code: C:\Users\blueh\Desktop\CAN-Projects\can1-loopbackMode\Core\Inc\main.h
2020-07-09 17:17:26,733 [INFO] CodeEngine:193 - oldGeneratedFile, C:\Users\blueh\Desktop\CAN-Projects\can1-loopbackMode\Core\Src\main.c_save
2020-07-09 17:17:26,920 [INFO] CodeEngine:211 - Generated code: C:\Users\blueh\Desktop\CAN-Projects\can1-loopbackMode\Core\Src\main.c
2020-07-09 17:17:28,456 [INFO] ProjectBuilder:1843 - Time for Copy HAL[1] : 794mS.
2020-07-09 17:17:28,463 [INFO] ProjectBuilder:2428 - Project Generator version: 3.6.0
2020-07-09 17:17:28,906 [INFO] ConfigFileManager:1043 - The Die is : DIE421
2020-07-09 17:17:35,307 [INFO] ProjectBuilder:2595 - Time for Generating toolchain IDE Files: 6844mS.
2020-07-09 17:17:35,308 [INFO] ProjectBuilder:1703 - Time for Copy CMSIS : 0mS.
2020-07-09 17:17:35,313 [INFO] ProjectBuilder:1703 - Time for Copy CMSIS : 0mS.
2020-07-09 17:18:03,653 [INFO] Can:56 - Can Add PropertyChangeListener com.st.microxplorer.plugins.ip.can.Can@5463b845
2020-07-09 17:23:30,179 [INFO] UtilMem:74 - End SaveConfig() Used Memory: 596729824 Bytes (899678208)
2020-07-09 17:23:34,552 [INFO] UtilMem:74 - End SaveConfig() Used Memory: 605057672 Bytes (899678208)
2020-07-09 17:23:34,810 [INFO] UtilMem:74 - End SaveConfig() Used Memory: 620264064 Bytes (899678208)
2020-07-09 17:23:34,973 [INFO] BlockDiagram:2751 - set Specific Code input for plugin: CAN
2020-07-09 17:23:34,973 [INFO] BlockDiagram:2751 - set Specific Code input for plugin: SYS
2020-07-09 17:23:34,973 [INFO] BlockDiagram:2751 - set Specific Code input for plugin: RCC
2020-07-09 17:23:34,973 [INFO] BlockDiagram:2751 - set Specific Code input for plugin: NVIC
2020-07-09 17:23:34,973 [INFO] BlockDiagram:2751 - set Specific Code input for plugin: USART
2020-07-09 17:23:34,974 [INFO] BlockDiagram:2751 - set Specific Code input for plugin: GPIO
2020-07-09 17:23:34,975 [INFO] CodeGenerator:601 - code generatio: config db path: Z:\SOFTWARES\STM32_CUBE_IDE\STM32CubeIDE_1.0.2\STM32CubeIDE\plugins\com.st.stm32cube.common.mx_5.5.0.201912201511\\db\
2020-07-09 17:23:35,182 [INFO] CodeEngine:193 - oldGeneratedFile, C:\Users\blueh\Desktop\CAN-Projects\can1-loopbackMode\MXTmpFiles\license.tmp_save
2020-07-09 17:23:35,287 [INFO] CodeEngine:211 - Generated code: C:\Users\blueh\Desktop\CAN-Projects\can1-loopbackMode\MXTmpFiles\license.tmp
2020-07-09 17:23:35,337 [INFO] CodeEngine:193 - oldGeneratedFile, C:\Users\blueh\Desktop\CAN-Projects\can1-loopbackMode\MXTmpFiles\gpio.tmp_save
2020-07-09 17:23:35,426 [INFO] CodeEngine:211 - Generated code: C:\Users\blueh\Desktop\CAN-Projects\can1-loopbackMode\MXTmpFiles\gpio.tmp
2020-07-09 17:23:35,504 [INFO] LogOutputStream:76 - [STDOUT_REDIRECT] Command line
2020-07-09 17:23:35,504 [INFO] LogOutputStream:76 - [STDOUT_REDIRECT] Debug : prepare data for CAN
2020-07-09 17:23:35,504 [INFO] LogOutputStream:76 - [STDOUT_REDIRECT] Command line test
2020-07-09 17:23:35,508 [INFO] LogOutputStream:76 - [STDOUT_REDIRECT] Command line
2020-07-09 17:23:35,509 [INFO] LogOutputStream:76 - [STDOUT_REDIRECT] Debug : prepare data for USART
2020-07-09 17:23:35,509 [INFO] LogOutputStream:76 - [STDOUT_REDIRECT] Command line test
2020-07-09 17:23:35,509 [INFO] LogOutputStream:76 - [STDOUT_REDIRECT] Debug : prepare data for NVIC
2020-07-09 17:23:35,512 [INFO] LogOutputStream:76 - [STDOUT_REDIRECT] Command line test
2020-07-09 17:23:35,548 [INFO] CodeEngine:193 - oldGeneratedFile, C:\Users\blueh\Desktop\CAN-Projects\can1-loopbackMode\Core\Src\stm32f4xx_it.c_save
2020-07-09 17:23:35,803 [INFO] CodeEngine:211 - Generated code: C:\Users\blueh\Desktop\CAN-Projects\can1-loopbackMode\Core\Src\stm32f4xx_it.c
2020-07-09 17:23:35,849 [INFO] CodeEngine:193 - oldGeneratedFile, C:\Users\blueh\Desktop\CAN-Projects\can1-loopbackMode\Core\Inc\stm32f4xx_it.h_save
2020-07-09 17:23:35,972 [INFO] CodeEngine:211 - Generated code: C:\Users\blueh\Desktop\CAN-Projects\can1-loopbackMode\Core\Inc\stm32f4xx_it.h
2020-07-09 17:23:36,042 [INFO] CodeEngine:193 - oldGeneratedFile, C:\Users\blueh\Desktop\CAN-Projects\can1-loopbackMode\Core\Src\stm32f4xx_hal_msp.c_save
2020-07-09 17:23:36,278 [INFO] CodeEngine:211 - Generated code: C:\Users\blueh\Desktop\CAN-Projects\can1-loopbackMode\Core\Src\stm32f4xx_hal_msp.c
2020-07-09 17:23:36,312 [INFO] CodeEngine:193 - oldGeneratedFile, C:\Users\blueh\Desktop\CAN-Projects\can1-loopbackMode\MXTmpFiles\system.tmp_save
2020-07-09 17:23:36,387 [INFO] CodeEngine:211 - Generated code: C:\Users\blueh\Desktop\CAN-Projects\can1-loopbackMode\MXTmpFiles\system.tmp
2020-07-09 17:23:36,432 [INFO] CodeEngine:193 - oldGeneratedFile, C:\Users\blueh\Desktop\CAN-Projects\can1-loopbackMode\Core\Inc\stm32f4xx_hal_conf.h_save
2020-07-09 17:23:36,619 [INFO] CodeEngine:211 - Generated code: C:\Users\blueh\Desktop\CAN-Projects\can1-loopbackMode\Core\Inc\stm32f4xx_hal_conf.h
2020-07-09 17:23:36,653 [WARN] IPConfigManager:2706 - IP not found : gpio
2020-07-09 17:23:36,653 [WARN] CodeGenerator:2776 - IP not found : gpio
2020-07-09 17:23:36,700 [INFO] CodeEngine:193 - oldGeneratedFile, C:\Users\blueh\Desktop\CAN-Projects\can1-loopbackMode\Core\Inc\main.h_save
2020-07-09 17:23:36,776 [INFO] CodeEngine:211 - Generated code: C:\Users\blueh\Desktop\CAN-Projects\can1-loopbackMode\Core\Inc\main.h
2020-07-09 17:23:36,831 [INFO] CodeEngine:193 - oldGeneratedFile, C:\Users\blueh\Desktop\CAN-Projects\can1-loopbackMode\Core\Src\main.c_save
2020-07-09 17:23:37,195 [INFO] CodeEngine:211 - Generated code: C:\Users\blueh\Desktop\CAN-Projects\can1-loopbackMode\Core\Src\main.c
2020-07-09 17:23:38,192 [INFO] ProjectBuilder:1843 - Time for Copy HAL[1] : 383mS.
2020-07-09 17:23:38,198 [INFO] ProjectBuilder:2428 - Project Generator version: 3.6.0
2020-07-09 17:23:38,416 [INFO] ConfigFileManager:1043 - The Die is : DIE421
2020-07-09 17:23:40,487 [INFO] ProjectBuilder:2595 - Time for Generating toolchain IDE Files: 2294mS.
2020-07-09 17:23:40,488 [INFO] ProjectBuilder:1703 - Time for Copy CMSIS : 0mS.
2020-07-09 17:23:40,493 [INFO] ProjectBuilder:1703 - Time for Copy CMSIS : 0mS.
2020-07-09 17:25:47,404 [INFO] Activator:176 - 


2020-07-09 17:25:47,409 [INFO] Activator:177 - !SESSION log4j initialized
2020-07-09 23:46:09,999 [INFO] ApplicationProperties:181 - Using Application install path: Z:\SOFTWARES\STM32_CUBE_IDE\STM32CubeIDE_1.0.2\STM32CubeIDE\plugins\com.st.stm32cube.common.mx_5.5.0.201912201511
2020-07-09 23:46:10,020 [INFO] DbMcusXml:69 - Set database path to: Z:\SOFTWARES\STM32_CUBE_IDE\STM32CubeIDE_1.0.2\STM32CubeIDE\plugins\com.st.stm32cube.common.mx_5.5.0.201912201511\\db\/mcu/
2020-07-09 23:46:10,026 [INFO] DbBoardsPdsc:54 - Set plugin database path to: Z:\SOFTWARES\STM32_CUBE_IDE\STM32CubeIDE_1.0.2\STM32CubeIDE\plugins\com.st.stm32cube.common.mx_5.5.0.201912201511\\db\/plugins/boardmanager/
2020-07-09 23:46:10,027 [INFO] DbMcus:264 - Set plugin images path to: Z:\SOFTWARES\STM32_CUBE_IDE\STM32CubeIDE_1.0.2\STM32CubeIDE\plugins\com.st.stm32cube.common.mx_5.5.0.201912201511\\db\/plugins/mcufinder/images/
2020-07-09 23:46:10,027 [INFO] DbBoards:232 - Set plugin images path to: Z:\SOFTWARES\STM32_CUBE_IDE\STM32CubeIDE_1.0.2\STM32CubeIDE\plugins\com.st.stm32cube.common.mx_5.5.0.201912201511\\db\/plugins/mcufinder/images/
2020-07-09 23:46:10,034 [INFO] APIGFXSelector:72 - Set database path to: Z:\SOFTWARES\STM32_CUBE_IDE\STM32CubeIDE_1.0.2\STM32CubeIDE\plugins\com.st.stm32cube.common.mx_5.5.0.201912201511\\db\/plugins/mcufinder/mcu/
2020-07-09 23:46:10,044 [INFO] DbMcusAds:72 - Set database path to: C:\Users\blueh\.stmcufinder\plugins\mcufinder//mcu/
2020-07-09 23:46:10,046 [INFO] DbMcusDocs:92 - Set database path to: C:\Users\blueh\.stmcufinder\plugins\mcufinder//mcu/
2020-07-09 23:46:10,048 [INFO] DbMcusJson:59 - Set database path to: C:\Users\blueh\.stmcufinder\plugins\mcufinder//mcu/
2020-07-09 23:46:10,048 [INFO] DbBoardsDocs:84 - Set database path to: C:\Users\blueh\.stmcufinder\plugins\mcufinder//mcu/
2020-07-09 23:46:10,049 [INFO] DbBoardsJson:51 - Set database path to: C:\Users\blueh\.stmcufinder\plugins\mcufinder//mcu/
2020-07-09 23:46:10,138 [INFO] CrossReferenceDbSqlite:197 - Set database path to: C:\Users\blueh\.stmcufinder\plugins\mcufinder//mcu/cs/
2020-07-09 23:46:10,267 [INFO] RulesReader:52 - Compatibility file has been processed (205 Rules)
2020-07-09 23:46:10,364 [INFO] MicroXplorer:570 - Detected Java Version = 1.8.0_202
2020-07-09 23:46:10,365 [INFO] DbMcusXml:69 - Set database path to: Z:\SOFTWARES\STM32_CUBE_IDE\STM32CubeIDE_1.0.2\STM32CubeIDE\plugins\com.st.stm32cube.common.mx_5.5.0.201912201511\\db\/mcu/
2020-07-09 23:46:10,365 [INFO] DbBoardsPdsc:54 - Set plugin database path to: Z:\SOFTWARES\STM32_CUBE_IDE\STM32CubeIDE_1.0.2\STM32CubeIDE\plugins\com.st.stm32cube.common.mx_5.5.0.201912201511\\db\/plugins/boardmanager/
2020-07-09 23:46:10,366 [INFO] DbMcus:264 - Set plugin images path to: Z:\SOFTWARES\STM32_CUBE_IDE\STM32CubeIDE_1.0.2\STM32CubeIDE\plugins\com.st.stm32cube.common.mx_5.5.0.201912201511\\db\/plugins/mcufinder/images/
2020-07-09 23:46:10,367 [INFO] DbBoards:232 - Set plugin images path to: Z:\SOFTWARES\STM32_CUBE_IDE\STM32CubeIDE_1.0.2\STM32CubeIDE\plugins\com.st.stm32cube.common.mx_5.5.0.201912201511\\db\/plugins/mcufinder/images/
2020-07-09 23:46:10,367 [INFO] APIGFXSelector:72 - Set database path to: Z:\SOFTWARES\STM32_CUBE_IDE\STM32CubeIDE_1.0.2\STM32CubeIDE\plugins\com.st.stm32cube.common.mx_5.5.0.201912201511\\db\/plugins/mcufinder/mcu/
2020-07-09 23:46:10,367 [WARN] DbFile:31 - Overriding database path with different value: C:\Users\blueh\.stmcufinder\plugins\mcufinder/ => C:\Users\blueh\.stmcufinder\plugins\mcufinder
2020-07-09 23:46:10,367 [INFO] DbMcusAds:72 - Set database path to: C:\Users\blueh\.stmcufinder\plugins\mcufinder//mcu/
2020-07-09 23:46:10,368 [WARN] DbFile:31 - Overriding database path with different value: C:\Users\blueh\.stmcufinder\plugins\mcufinder/ => C:\Users\blueh\.stmcufinder\plugins\mcufinder
2020-07-09 23:46:10,368 [INFO] DbMcusDocs:92 - Set database path to: C:\Users\blueh\.stmcufinder\plugins\mcufinder//mcu/
2020-07-09 23:46:10,368 [WARN] DbFile:31 - Overriding database path with different value: C:\Users\blueh\.stmcufinder\plugins\mcufinder/ => C:\Users\blueh\.stmcufinder\plugins\mcufinder
2020-07-09 23:46:10,368 [INFO] DbMcusJson:59 - Set database path to: C:\Users\blueh\.stmcufinder\plugins\mcufinder//mcu/
2020-07-09 23:46:10,369 [WARN] DbFile:31 - Overriding database path with different value: C:\Users\blueh\.stmcufinder\plugins\mcufinder/ => C:\Users\blueh\.stmcufinder\plugins\mcufinder
2020-07-09 23:46:10,369 [INFO] DbBoardsDocs:84 - Set database path to: C:\Users\blueh\.stmcufinder\plugins\mcufinder//mcu/
2020-07-09 23:46:10,369 [WARN] DbFile:31 - Overriding database path with different value: C:\Users\blueh\.stmcufinder\plugins\mcufinder/ => C:\Users\blueh\.stmcufinder\plugins\mcufinder
2020-07-09 23:46:10,369 [INFO] DbBoardsJson:51 - Set database path to: C:\Users\blueh\.stmcufinder\plugins\mcufinder//mcu/
2020-07-09 23:46:10,369 [WARN] DbFile:31 - Overriding database path with different value: C:\Users\blueh\.stmcufinder\plugins\mcufinder/ => C:\Users\blueh\.stmcufinder\plugins\mcufinder
2020-07-09 23:46:10,370 [WARN] DbFile:31 - Overriding database path with different value: C:\Users\blueh\.stmcufinder\plugins\mcufinder/ => C:\Users\blueh\.stmcufinder\plugins\mcufinder
2020-07-09 23:46:10,370 [INFO] CrossReferenceDbSqlite:197 - Set database path to: C:\Users\blueh\.stmcufinder\plugins\mcufinder//mcu/cs/
2020-07-09 23:46:10,456 [INFO] MainPanel:180 - HeapMemory: 314572800
2020-07-09 23:46:10,549 [INFO] DbMcusXml:69 - Set database path to: Z:\SOFTWARES\STM32_CUBE_IDE\STM32CubeIDE_1.0.2\STM32CubeIDE\plugins\com.st.stm32cube.common.mx_5.5.0.201912201511\\db\/mcu/
2020-07-09 23:46:10,550 [INFO] DbBoardsPdsc:54 - Set plugin database path to: Z:\SOFTWARES\STM32_CUBE_IDE\STM32CubeIDE_1.0.2\STM32CubeIDE\plugins\com.st.stm32cube.common.mx_5.5.0.201912201511\\db\/plugins/boardmanager/
2020-07-09 23:46:10,550 [INFO] DbMcus:264 - Set plugin images path to: Z:\SOFTWARES\STM32_CUBE_IDE\STM32CubeIDE_1.0.2\STM32CubeIDE\plugins\com.st.stm32cube.common.mx_5.5.0.201912201511\\db\/plugins/mcufinder/images/
2020-07-09 23:46:10,550 [INFO] DbBoards:232 - Set plugin images path to: Z:\SOFTWARES\STM32_CUBE_IDE\STM32CubeIDE_1.0.2\STM32CubeIDE\plugins\com.st.stm32cube.common.mx_5.5.0.201912201511\\db\/plugins/mcufinder/images/
2020-07-09 23:46:10,551 [INFO] APIGFXSelector:72 - Set database path to: Z:\SOFTWARES\STM32_CUBE_IDE\STM32CubeIDE_1.0.2\STM32CubeIDE\plugins\com.st.stm32cube.common.mx_5.5.0.201912201511\\db\/plugins/mcufinder/mcu/
2020-07-09 23:46:10,551 [WARN] DbFile:31 - Overriding database path with different value: C:\Users\blueh\.stmcufinder\plugins\mcufinder/ => C:\Users\blueh\.stmcufinder\plugins\mcufinder
2020-07-09 23:46:10,552 [INFO] DbMcusAds:72 - Set database path to: C:\Users\blueh\.stmcufinder\plugins\mcufinder//mcu/
2020-07-09 23:46:10,552 [WARN] DbFile:31 - Overriding database path with different value: C:\Users\blueh\.stmcufinder\plugins\mcufinder/ => C:\Users\blueh\.stmcufinder\plugins\mcufinder
2020-07-09 23:46:10,552 [INFO] DbMcusDocs:92 - Set database path to: C:\Users\blueh\.stmcufinder\plugins\mcufinder//mcu/
2020-07-09 23:46:10,552 [WARN] DbFile:31 - Overriding database path with different value: C:\Users\blueh\.stmcufinder\plugins\mcufinder/ => C:\Users\blueh\.stmcufinder\plugins\mcufinder
2020-07-09 23:46:10,553 [INFO] DbMcusJson:59 - Set database path to: C:\Users\blueh\.stmcufinder\plugins\mcufinder//mcu/
2020-07-09 23:46:10,553 [WARN] DbFile:31 - Overriding database path with different value: C:\Users\blueh\.stmcufinder\plugins\mcufinder/ => C:\Users\blueh\.stmcufinder\plugins\mcufinder
2020-07-09 23:46:10,553 [INFO] DbBoardsDocs:84 - Set database path to: C:\Users\blueh\.stmcufinder\plugins\mcufinder//mcu/
2020-07-09 23:46:10,553 [WARN] DbFile:31 - Overriding database path with different value: C:\Users\blueh\.stmcufinder\plugins\mcufinder/ => C:\Users\blueh\.stmcufinder\plugins\mcufinder
2020-07-09 23:46:10,553 [INFO] DbBoardsJson:51 - Set database path to: C:\Users\blueh\.stmcufinder\plugins\mcufinder//mcu/
2020-07-09 23:46:10,554 [WARN] DbFile:31 - Overriding database path with different value: C:\Users\blueh\.stmcufinder\plugins\mcufinder/ => C:\Users\blueh\.stmcufinder\plugins\mcufinder
2020-07-09 23:46:10,554 [WARN] DbFile:31 - Overriding database path with different value: C:\Users\blueh\.stmcufinder\plugins\mcufinder/ => C:\Users\blueh\.stmcufinder\plugins\mcufinder
2020-07-09 23:46:10,554 [INFO] CrossReferenceDbSqlite:197 - Set database path to: C:\Users\blueh\.stmcufinder\plugins\mcufinder//mcu/cs/
2020-07-09 23:46:10,578 [INFO] ApplicationProperties:181 - Using Application install path: Z:\SOFTWARES\STM32_CUBE_IDE\STM32CubeIDE_1.0.2\STM32CubeIDE\plugins\com.st.stm32cube.common.mx_5.5.0.201912201511
2020-07-09 23:46:10,580 [INFO] PluginManage:178 - Search for loadable plugins [exclusion list=]
2020-07-09 23:46:10,583 [INFO] PluginManage:292 - Check plugin analytics
2020-07-09 23:46:10,590 [INFO] PluginManage:342 - Loaded plugin analytics (category:tool,tabindex:-1)
2020-07-09 23:46:10,591 [INFO] PluginManage:292 - Check plugin clock
2020-07-09 23:46:10,604 [INFO] PluginManage:342 - Loaded plugin clock (category:base,tabindex:2)
2020-07-09 23:46:10,604 [INFO] PluginManage:292 - Check plugin ddr
2020-07-09 23:46:10,608 [INFO] PluginManage:342 - Loaded plugin ddr (category:tool,tabindex:6)
2020-07-09 23:46:10,608 [INFO] PluginManage:292 - Check plugin filemanager
2020-07-09 23:46:10,752 [INFO] PluginManage:342 - Loaded plugin filemanager (category:base,tabindex:10)
2020-07-09 23:46:10,753 [INFO] PluginManage:292 - Check plugin ipmanager
2020-07-09 23:46:10,765 [INFO] PluginManage:342 - Loaded plugin ipmanager (category:base,tabindex:5)
2020-07-09 23:46:10,765 [INFO] PluginManage:292 - Check plugin pinoutandconfiguration
2020-07-09 23:46:10,777 [INFO] PluginManage:342 - Loaded plugin pinoutandconfiguration (category:base,tabindex:1)
2020-07-09 23:46:10,778 [INFO] PluginManage:292 - Check plugin pinoutconfig
2020-07-09 23:46:10,804 [INFO] PluginManage:342 - Loaded plugin pinoutconfig (category:base,tabindex:0)
2020-07-09 23:46:10,805 [INFO] PluginManage:292 - Check plugin power
2020-07-09 23:46:10,816 [INFO] PluginManage:342 - Loaded plugin power (category:power,tabindex:4)
2020-07-09 23:46:10,816 [INFO] PluginManage:292 - Check plugin projectmanager
2020-07-09 23:46:10,831 [INFO] PluginManage:342 - Loaded plugin projectmanager (category:projectmanager,tabindex:3)
2020-07-09 23:46:10,832 [INFO] PluginManage:292 - Check plugin thirdparty
2020-07-09 23:46:10,911 [INFO] ThirdPartyDb:295 - Open Third Party DataBase File (C:/Users/blueh/.stm32cubemx/plugins/thirdparty/db/thirdparties_db.xml) : 26 ms. number of Sw pack : 25
2020-07-09 23:46:10,938 [INFO] PluginManage:342 - Loaded plugin thirdparty (category:base,tabindex:-1)
2020-07-09 23:46:10,938 [INFO] PluginManage:292 - Check plugin tools
2020-07-09 23:46:10,941 [INFO] PluginManage:342 - Loaded plugin tools (category:base,tabindex:7)
2020-07-09 23:46:10,942 [INFO] PluginManage:292 - Check plugin updater
2020-07-09 23:46:10,957 [INFO] PluginManage:342 - Loaded plugin updater (category:base,tabindex:12)
2020-07-09 23:46:10,958 [INFO] PluginManage:265 - PluginManage : Loaded plugins [12]
2020-07-09 23:46:11,190 [INFO] PinOutPanel:1399 - setPackage(No Configuration,No Configuration)
2020-07-09 23:46:11,299 [INFO] IPUIPlugin:65 - create IPUIPlugin
2020-07-09 23:46:11,299 [INFO] PluginManager:200 - loadIPPluginJar : add adc
2020-07-09 23:46:11,303 [INFO] IPUIPlugin:65 - create IPUIPlugin
2020-07-09 23:46:11,303 [INFO] PluginManager:200 - loadIPPluginJar : add aes
2020-07-09 23:46:11,306 [INFO] IPUIPlugin:65 - create IPUIPlugin
2020-07-09 23:46:11,307 [INFO] PluginManager:200 - loadIPPluginJar : add can
2020-07-09 23:46:11,309 [INFO] IPUIPlugin:65 - create IPUIPlugin
2020-07-09 23:46:11,309 [INFO] PluginManager:200 - loadIPPluginJar : add comp
2020-07-09 23:46:11,312 [INFO] IPUIPlugin:65 - create IPUIPlugin
2020-07-09 23:46:11,312 [INFO] PluginManager:200 - loadIPPluginJar : add cryp
2020-07-09 23:46:11,315 [INFO] IPUIPlugin:65 - create IPUIPlugin
2020-07-09 23:46:11,315 [INFO] PluginManager:200 - loadIPPluginJar : add dfsdm
2020-07-09 23:46:11,321 [INFO] IPUIPlugin:65 - create IPUIPlugin
2020-07-09 23:46:11,321 [INFO] PluginManager:200 - loadIPPluginJar : add dma
2020-07-09 23:46:11,324 [INFO] IPUIPlugin:65 - create IPUIPlugin
2020-07-09 23:46:11,325 [INFO] PluginManager:200 - loadIPPluginJar : add fatfs
2020-07-09 23:46:11,330 [INFO] IPUIPlugin:65 - create IPUIPlugin
2020-07-09 23:46:11,330 [INFO] PluginManager:200 - loadIPPluginJar : add fmc
2020-07-09 23:46:11,337 [INFO] IPUIPlugin:65 - create IPUIPlugin
2020-07-09 23:46:11,337 [INFO] PluginManager:200 - loadIPPluginJar : add freertos
2020-07-09 23:46:11,339 [INFO] IPUIPlugin:65 - create IPUIPlugin
2020-07-09 23:46:11,339 [INFO] PluginManager:200 - loadIPPluginJar : add genericplugin
2020-07-09 23:46:11,341 [INFO] IPUIPlugin:65 - create IPUIPlugin
2020-07-09 23:46:11,342 [INFO] PluginManager:200 - loadIPPluginJar : add gfxmmu
2020-07-09 23:46:11,345 [INFO] IPUIPlugin:65 - create IPUIPlugin
2020-07-09 23:46:11,345 [INFO] PluginManager:200 - loadIPPluginJar : add gfxsimulator
2020-07-09 23:46:11,350 [INFO] IPUIPlugin:65 - create IPUIPlugin
2020-07-09 23:46:11,351 [INFO] PluginManager:200 - loadIPPluginJar : add gic
2020-07-09 23:46:11,357 [INFO] IPUIPlugin:65 - create IPUIPlugin
2020-07-09 23:46:11,357 [INFO] PluginManager:200 - loadIPPluginJar : add gpio
2020-07-09 23:46:11,360 [INFO] IPUIPlugin:65 - create IPUIPlugin
2020-07-09 23:46:11,360 [INFO] PluginManager:200 - loadIPPluginJar : add gtzc
2020-07-09 23:46:11,363 [INFO] IPUIPlugin:65 - create IPUIPlugin
2020-07-09 23:46:11,363 [INFO] PluginManager:200 - loadIPPluginJar : add hash
2020-07-09 23:46:11,366 [INFO] IPUIPlugin:65 - create IPUIPlugin
2020-07-09 23:46:11,366 [INFO] PluginManager:200 - loadIPPluginJar : add i2c
2020-07-09 23:46:11,369 [INFO] IPUIPlugin:65 - create IPUIPlugin
2020-07-09 23:46:11,369 [INFO] PluginManager:200 - loadIPPluginJar : add i2s
2020-07-09 23:46:11,372 [INFO] IPUIPlugin:65 - create IPUIPlugin
2020-07-09 23:46:11,373 [INFO] PluginManager:200 - loadIPPluginJar : add ipddr
2020-07-09 23:46:11,374 [INFO] IPUIPlugin:65 - create IPUIPlugin
2020-07-09 23:46:11,375 [INFO] PluginManager:200 - loadIPPluginJar : add ltdc
2020-07-09 23:46:11,379 [INFO] IPUIPlugin:65 - create IPUIPlugin
2020-07-09 23:46:11,379 [INFO] PluginManager:200 - loadIPPluginJar : add mdma
2020-07-09 23:46:11,383 [INFO] IPUIPlugin:65 - create IPUIPlugin
2020-07-09 23:46:11,384 [INFO] PluginManager:200 - loadIPPluginJar : add nvic
2020-07-09 23:46:11,387 [INFO] IPUIPlugin:65 - create IPUIPlugin
2020-07-09 23:46:11,387 [INFO] PluginManager:200 - loadIPPluginJar : add opamp
2020-07-09 23:46:11,391 [INFO] IPUIPlugin:65 - create IPUIPlugin
2020-07-09 23:46:11,391 [INFO] PluginManager:200 - loadIPPluginJar : add pdm2pcm
2020-07-09 23:46:11,398 [INFO] IPUIPlugin:65 - create IPUIPlugin
2020-07-09 23:46:11,400 [INFO] PluginManager:200 - loadIPPluginJar : add plateformsettings
2020-07-09 23:46:11,402 [INFO] IPUIPlugin:65 - create IPUIPlugin
2020-07-09 23:46:11,402 [INFO] PluginManager:200 - loadIPPluginJar : add quadspi
2020-07-09 23:46:11,405 [INFO] IPUIPlugin:65 - create IPUIPlugin
2020-07-09 23:46:11,406 [INFO] PluginManager:200 - loadIPPluginJar : add resmgrutility
2020-07-09 23:46:11,409 [INFO] IPUIPlugin:65 - create IPUIPlugin
2020-07-09 23:46:11,409 [INFO] PluginManager:200 - loadIPPluginJar : add sai
2020-07-09 23:46:11,411 [INFO] IPUIPlugin:65 - create IPUIPlugin
2020-07-09 23:46:11,411 [INFO] PluginManager:200 - loadIPPluginJar : add spi
2020-07-09 23:46:11,414 [INFO] IPUIPlugin:65 - create IPUIPlugin
2020-07-09 23:46:11,414 [INFO] PluginManager:200 - loadIPPluginJar : add stm32_wpan
2020-07-09 23:46:11,416 [INFO] IPUIPlugin:65 - create IPUIPlugin
2020-07-09 23:46:11,416 [INFO] PluginManager:200 - loadIPPluginJar : add tim
2020-07-09 23:46:11,419 [INFO] IPUIPlugin:65 - create IPUIPlugin
2020-07-09 23:46:11,420 [INFO] PluginManager:200 - loadIPPluginJar : add touchsensing
2020-07-09 23:46:11,421 [INFO] IPUIPlugin:65 - create IPUIPlugin
2020-07-09 23:46:11,422 [INFO] PluginManager:200 - loadIPPluginJar : add tracer_emb
2020-07-09 23:46:11,424 [INFO] IPUIPlugin:65 - create IPUIPlugin
2020-07-09 23:46:11,424 [INFO] PluginManager:200 - loadIPPluginJar : add ts
2020-07-09 23:46:11,426 [INFO] IPUIPlugin:65 - create IPUIPlugin
2020-07-09 23:46:11,426 [INFO] PluginManager:200 - loadIPPluginJar : add tsc
2020-07-09 23:46:11,428 [INFO] IPUIPlugin:65 - create IPUIPlugin
2020-07-09 23:46:11,428 [INFO] PluginManager:200 - loadIPPluginJar : add ucpd
2020-07-09 23:46:11,431 [INFO] IPUIPlugin:65 - create IPUIPlugin
2020-07-09 23:46:11,432 [INFO] PluginManager:200 - loadIPPluginJar : add usart
2020-07-09 23:46:12,157 [INFO] BoardConnectionPanel:226 - [DDR PANEL] osNameString: Windows
2020-07-09 23:46:12,318 [INFO] BoardConnectionPanel:3472 - [DDR PANEL] STM32CubeIDE environment
2020-07-09 23:46:12,319 [INFO] MainDdrPanel:103 - [DDR PANEL] GETTER - cubeProgrammerPath is: null
2020-07-09 23:46:12,549 [FATAL] Updater:277 - Updater called before beeing initialized
2020-07-09 23:46:12,849 [FATAL] Updater:277 - Updater called before beeing initialized
2020-07-09 23:46:12,853 [INFO] PinOutPanel:1399 - setPackage(No Configuration,No Configuration)
2020-07-09 23:46:12,854 [FATAL] Updater:277 - Updater called before beeing initialized
2020-07-09 23:46:12,858 [INFO] BoardConnectionPanel:3472 - [DDR PANEL] STM32CubeIDE environment
2020-07-09 23:46:12,859 [INFO] MainDdrPanel:103 - [DDR PANEL] GETTER - cubeProgrammerPath is: Z:\SOFTWARES\STM32_CUBE_IDE\STM32CubeIDE_1.0.2\STM32CubeIDE\plugins\com.st.stm32cube.ide.mcu.externaltools.cubeprogrammer.win32_1.1.0.201910081157\tools\bin
2020-07-09 23:46:12,865 [INFO] ProgrammerExecThread:148 - [ProgrammerAPI] CubeProgrammer command construction: Z:\SOFTWARES\STM32_CUBE_IDE\STM32CubeIDE_1.0.2\STM32CubeIDE\plugins\com.st.stm32cube.ide.mcu.externaltools.cubeprogrammer.win32_1.1.0.201910081157\tools\bin\STM32_Programmer_CLI.exe -l
2020-07-09 23:46:12,966 [INFO] MainDdrPanel:93 - [DDR PANEL] SETTER - Set cubeProgrammerPath to: Z:\SOFTWARES\STM32_CUBE_IDE\STM32CubeIDE_1.0.2\STM32CubeIDE\plugins\com.st.stm32cube.ide.mcu.externaltools.cubeprogrammer.win32_1.1.0.201910081157\tools\bin
2020-07-09 23:46:12,972 [INFO] Updater:886 - Updater Version found : 5.5.0
2020-07-09 23:46:12,997 [INFO] ApplicationProperties:181 - Using Application install path: Z:\SOFTWARES\STM32_CUBE_IDE\STM32CubeIDE_1.0.2\STM32CubeIDE\plugins\com.st.stm32cube.common.mx_5.5.0.201912201511
2020-07-09 23:46:13,366 [INFO] MainUpdater:2230 - connection check result : 10
2020-07-09 23:46:13,367 [INFO] MainUpdater:236 - Updater Check For Update Now.
2020-07-09 23:46:13,367 [INFO] MicroXplorer:420 - Change Database Version : DB.5.0.50
2020-07-09 23:46:13,400 [INFO] CheckServerUpdateThread:92 - End of CheckServer Thread
2020-07-09 23:46:13,574 [INFO] MainUpdater:2230 - connection check result : 10
2020-07-09 23:46:13,678 [INFO] MicroXplorer:390 - Change Database Path : 
2020-07-09 23:46:13,679 [INFO] MicroXplorer:420 - Change Database Version : DB.5.0.50
2020-07-09 23:46:13,683 [INFO] PinOutPanel:1399 - setPackage(No Configuration,No Configuration)
2020-07-09 23:46:13,684 [INFO] UtilMem:74 - Begin LoadConfig() Used Memory: 250916848 Bytes (314572800)
2020-07-09 23:46:13,685 [INFO] MicroXplorer:390 - Change Database Path : 
2020-07-09 23:46:13,685 [INFO] MicroXplorer:420 - Change Database Version : DB.5.0.50
2020-07-09 23:46:13,686 [INFO] OpenFileManager:274 - Change cursor
2020-07-09 23:46:14,245 [INFO] ThirdPartyDb:261 - Close Third Party DataBase File (C:/Users/blueh/.stm32cubemx/plugins/thirdparty/db/thirdparties_db.xml)
2020-07-09 23:46:14,333 [INFO] IntegrityCheckThread:98 - End integrity checks thread
2020-07-09 23:46:16,498 [INFO] ImportTextPane:162 - (OptionalMessage_ERROR) IP (RCC) : Invalid parameter (48MHZClocksFreq_Value)
2020-07-09 23:46:16,499 [INFO] ImportTextPane:162 - (OptionalMessage_ERROR) IP (RCC) : Invalid parameter (EthernetFreq_Value)
2020-07-09 23:46:16,501 [INFO] ImportTextPane:162 - (OptionalMessage_ERROR) IP (RCC) : Parameter (FLatency) has Id (AdvancedSettings) currently not set
2020-07-09 23:46:16,501 [INFO] ImportTextPane:162 - (OptionalMessage_ERROR) IP (RCC) : Invalid parameter (FamilyName)
2020-07-09 23:46:16,501 [INFO] ImportTextPane:162 - (OptionalMessage_ERROR) IP (RCC) : Invalid parameter (I2SClocksFreq_Value)
2020-07-09 23:46:16,503 [INFO] ImportTextPane:162 - (OptionalMessage_ERROR) IP (RCC) : Parameter (SDIOFreq_Value) has invalid value (168000000)
2020-07-09 23:46:16,503 [INFO] ImportTextPane:162 - (OptionalMessage_ERROR) IP (RCC) : Parameter (USBFreq_Value) has invalid value (168000000)
2020-07-09 23:46:16,504 [INFO] ImportTextPane:162 - (OptionalMessage_ERROR) IP (RCC) : Invalid parameter (VCOInputMFreq_Value)
2020-07-09 23:46:16,504 [INFO] ImportTextPane:162 - (OptionalMessage_ERROR) IP (RCC) : Invalid parameter (VcooutputI2S)
2020-07-09 23:46:16,771 [INFO] UtilMem:74 - End LoadConfig() Used Memory: 559204208 Bytes (685768704)
2020-07-09 23:46:16,788 [INFO] ThirdPartyDb:295 - Open Third Party DataBase File (C:/Users/blueh/.stm32cubemx/plugins/thirdparty/db/thirdparties_db.xml) : 6 ms. number of Sw pack : 25
2020-07-09 23:46:17,011 [INFO] ThirdParty:899 - CMSIS Pack Vendor :STMicroelectronics X-CUBE-MEMS1 6.0.1
2020-07-09 23:46:17,012 [INFO] ThirdParty:899 - CMSIS Pack Vendor :STMicroelectronics X-CUBE-NFC4 1.4.0
2020-07-09 23:46:17,012 [INFO] ThirdParty:899 - CMSIS Pack Vendor :STMicroelectronics X-CUBE-NFC4 1.3.0
2020-07-09 23:46:17,012 [INFO] ThirdParty:899 - CMSIS Pack Vendor :STMicroelectronics X-CUBE-NFC4 1.5.1
2020-07-09 23:46:17,012 [INFO] ThirdParty:899 - CMSIS Pack Vendor :STMicroelectronics X-CUBE-NFC4 1.5.0
2020-07-09 23:46:17,012 [INFO] ThirdParty:899 - CMSIS Pack Vendor :STMicroelectronics X-CUBE-AI 4.1.0
2020-07-09 23:46:17,012 [INFO] ThirdParty:899 - CMSIS Pack Vendor :STMicroelectronics X-CUBE-MEMS1 6.2.0
2020-07-09 23:46:17,013 [INFO] ThirdParty:899 - CMSIS Pack Vendor :STMicroelectronics X-CUBE-AI 4.0.0
2020-07-09 23:46:17,013 [INFO] ThirdParty:899 - CMSIS Pack Vendor :STMicroelectronics X-CUBE-BLE1 4.3.0
2020-07-09 23:46:17,013 [INFO] ThirdParty:899 - CMSIS Pack Vendor :STMicroelectronics X-CUBE-AI 3.3.0
2020-07-09 23:46:17,013 [INFO] ThirdParty:899 - CMSIS Pack Vendor :STMicroelectronics X-CUBE-SUBG2 1.1.0
2020-07-09 23:46:17,013 [INFO] ThirdParty:899 - CMSIS Pack Vendor :STMicroelectronics X-CUBE-BLE1 5.0.0
2020-07-09 23:46:17,013 [INFO] ThirdParty:899 - CMSIS Pack Vendor :STMicroelectronics X-CUBE-SUBG2 1.0.0
2020-07-09 23:46:17,013 [INFO] ThirdParty:899 - CMSIS Pack Vendor :ARM CMSIS 5.6.0
2020-07-09 23:46:17,013 [INFO] ThirdParty:899 - CMSIS Pack Vendor :STMicroelectronics FreeRTOS 0.0.1
2020-07-09 23:46:17,014 [INFO] ThirdParty:899 - CMSIS Pack Vendor :STMicroelectronics X-CUBE-ALGOBUILD 1.0.0
2020-07-09 23:46:17,014 [INFO] ThirdParty:899 - CMSIS Pack Vendor :STMicroelectronics X-CUBE-MEMS1 7.0.0
2020-07-09 23:46:17,014 [INFO] ThirdParty:899 - CMSIS Pack Vendor :STMicroelectronics X-CUBE-TOUCHGFX 4.13.0
2020-07-09 23:46:17,014 [INFO] ThirdParty:899 - CMSIS Pack Vendor :STMicroelectronics X-CUBE-NFC4 1.5.2
2020-07-09 23:46:17,014 [INFO] ThirdParty:899 - CMSIS Pack Vendor :STMicroelectronics X-CUBE-MEMS1 7.1.0
2020-07-09 23:46:17,014 [INFO] ThirdParty:899 - CMSIS Pack Vendor :STMicroelectronics X-CUBE-AI 5.1.1
2020-07-09 23:46:17,014 [INFO] ThirdParty:899 - CMSIS Pack Vendor :STMicroelectronics X-CUBE-MEMS1 7.2.0
2020-07-09 23:46:17,014 [INFO] ThirdParty:899 - CMSIS Pack Vendor :STMicroelectronics X-CUBE-AI 5.1.2
2020-07-09 23:46:17,014 [INFO] ThirdParty:899 - CMSIS Pack Vendor :STMicroelectronics X-CUBE-AI 5.0.0
2020-07-09 23:46:17,015 [INFO] ThirdParty:899 - CMSIS Pack Vendor :STMicroelectronics X-CUBE-AI 5.1.0
2020-07-09 23:46:17,660 [INFO] PinOutPanel:1399 - setPackage(No Configuration,No Configuration)
2020-07-09 23:46:17,663 [INFO] PinOutPanel:1399 - setPackage(STM32F446RETx,LQFP64)
2020-07-09 23:46:18,202 [INFO] UtilMem:74 - Before build in PCC Used Memory: 454620640 Bytes (685768704)
2020-07-09 23:46:18,634 [INFO] SharedServices:71 - Folder for power plug-in: C:/Users/blueh/.stm32cubemx/plugins/power
2020-07-09 23:46:18,636 [INFO] UtilMem:74 - After build in PCC Used Memory: 471924184 Bytes (685768704)
2020-07-09 23:46:18,661 [INFO] IPUIPlugin:65 - create IPUIPlugin
2020-07-09 23:46:18,662 [INFO] IPUIPlugin:65 - create IPUIPlugin
2020-07-09 23:46:18,662 [INFO] IPUIPlugin:65 - create IPUIPlugin
2020-07-09 23:46:18,662 [INFO] IPUIPlugin:65 - create IPUIPlugin
2020-07-09 23:46:18,663 [INFO] IPUIPlugin:65 - create IPUIPlugin
2020-07-09 23:46:18,663 [INFO] IPUIPlugin:65 - create IPUIPlugin
2020-07-09 23:46:18,663 [INFO] IPUIPlugin:65 - create IPUIPlugin
2020-07-09 23:46:18,664 [INFO] IPUIPlugin:65 - create IPUIPlugin
2020-07-09 23:46:18,664 [INFO] IPUIPlugin:65 - create IPUIPlugin
2020-07-09 23:46:18,664 [INFO] IPUIPlugin:65 - create IPUIPlugin
2020-07-09 23:46:18,664 [INFO] IPUIPlugin:65 - create IPUIPlugin
2020-07-09 23:46:18,664 [INFO] IPUIPlugin:65 - create IPUIPlugin
2020-07-09 23:46:18,665 [INFO] IPUIPlugin:65 - create IPUIPlugin
2020-07-09 23:46:18,665 [INFO] IPUIPlugin:65 - create IPUIPlugin
2020-07-09 23:46:18,665 [INFO] IPUIPlugin:65 - create IPUIPlugin
2020-07-09 23:46:18,665 [INFO] IPUIPlugin:65 - create IPUIPlugin
2020-07-09 23:46:18,666 [INFO] IPUIPlugin:65 - create IPUIPlugin
2020-07-09 23:46:18,666 [INFO] IPUIPlugin:65 - create IPUIPlugin
2020-07-09 23:46:18,666 [INFO] IPUIPlugin:65 - create IPUIPlugin
2020-07-09 23:46:18,666 [INFO] IPUIPlugin:65 - create IPUIPlugin
2020-07-09 23:46:18,667 [INFO] IPUIPlugin:65 - create IPUIPlugin
2020-07-09 23:46:18,667 [INFO] IPUIPlugin:65 - create IPUIPlugin
2020-07-09 23:46:18,667 [INFO] IPUIPlugin:65 - create IPUIPlugin
2020-07-09 23:46:18,668 [INFO] IPUIPlugin:65 - create IPUIPlugin
2020-07-09 23:46:18,668 [INFO] IPUIPlugin:65 - create IPUIPlugin
2020-07-09 23:46:18,668 [INFO] IPUIPlugin:65 - create IPUIPlugin
2020-07-09 23:46:18,668 [INFO] IPUIPlugin:65 - create IPUIPlugin
2020-07-09 23:46:18,669 [INFO] IPUIPlugin:65 - create IPUIPlugin
2020-07-09 23:46:18,669 [INFO] IPUIPlugin:65 - create IPUIPlugin
2020-07-09 23:46:18,670 [INFO] IPUIPlugin:65 - create IPUIPlugin
2020-07-09 23:46:18,670 [INFO] IPUIPlugin:65 - create IPUIPlugin
2020-07-09 23:46:18,670 [INFO] IPUIPlugin:65 - create IPUIPlugin
2020-07-09 23:46:18,670 [INFO] IPUIPlugin:65 - create IPUIPlugin
2020-07-09 23:46:18,670 [INFO] IPUIPlugin:65 - create IPUIPlugin
2020-07-09 23:46:18,671 [INFO] IPUIPlugin:65 - create IPUIPlugin
2020-07-09 23:46:18,671 [INFO] IPUIPlugin:65 - create IPUIPlugin
2020-07-09 23:46:18,671 [INFO] IPUIPlugin:65 - create IPUIPlugin
2020-07-09 23:46:18,671 [INFO] IPUIPlugin:65 - create IPUIPlugin
2020-07-09 23:46:18,671 [INFO] IPUIPlugin:65 - create IPUIPlugin
2020-07-09 23:46:18,671 [INFO] IPUIPlugin:65 - create IPUIPlugin
2020-07-09 23:46:18,671 [INFO] IPUIPlugin:65 - create IPUIPlugin
2020-07-09 23:46:18,672 [INFO] IPUIPlugin:65 - create IPUIPlugin
2020-07-09 23:46:18,672 [INFO] IPUIPlugin:65 - create IPUIPlugin
2020-07-09 23:46:18,672 [INFO] IPUIPlugin:65 - create IPUIPlugin
2020-07-09 23:46:18,672 [INFO] IPUIPlugin:65 - create IPUIPlugin
2020-07-09 23:46:18,672 [INFO] IPUIPlugin:65 - create IPUIPlugin
2020-07-09 23:46:18,672 [INFO] IPUIPlugin:65 - create IPUIPlugin
2020-07-09 23:46:18,673 [INFO] IPUIPlugin:65 - create IPUIPlugin
2020-07-09 23:46:18,673 [INFO] IPUIPlugin:65 - create IPUIPlugin
2020-07-09 23:46:18,673 [INFO] IPUIPlugin:65 - create IPUIPlugin
2020-07-09 23:46:18,673 [INFO] IPUIPlugin:65 - create IPUIPlugin
2020-07-09 23:46:18,673 [INFO] IPUIPlugin:65 - create IPUIPlugin
2020-07-09 23:46:18,673 [INFO] IPUIPlugin:65 - create IPUIPlugin
2020-07-09 23:46:18,674 [INFO] IPUIPlugin:65 - create IPUIPlugin
2020-07-09 23:46:18,674 [INFO] IPUIPlugin:65 - create IPUIPlugin
2020-07-09 23:46:18,674 [INFO] IPUIPlugin:65 - create IPUIPlugin
2020-07-09 23:46:18,674 [INFO] IPUIPlugin:65 - create IPUIPlugin
2020-07-09 23:46:18,675 [INFO] IPUIPlugin:65 - create IPUIPlugin
2020-07-09 23:46:18,675 [INFO] IPUIPlugin:65 - create IPUIPlugin
2020-07-09 23:46:18,675 [INFO] IPUIPlugin:65 - create IPUIPlugin
2020-07-09 23:46:18,688 [INFO] Can:56 - Can Add PropertyChangeListener com.st.microxplorer.plugins.ip.can.Can@159f1cb2
2020-07-09 23:46:18,711 [INFO] LogOutputStream:76 - [STDOUT_REDIRECT] toolchainItems.length=====1
2020-07-09 23:46:18,803 [INFO] OpenFileManager:294 - Restore cursor
2020-07-09 23:46:18,811 [INFO] DbMcusXml:107 - Load MCU database from Z:\SOFTWARES\STM32_CUBE_IDE\STM32CubeIDE_1.0.2\STM32CubeIDE\plugins\com.st.stm32cube.common.mx_5.5.0.201912201511\\db\/mcu/families.xml
2020-07-09 23:46:18,811 [INFO] DbMcusXml:107 - Load MCU database from Z:\SOFTWARES\STM32_CUBE_IDE\STM32CubeIDE_1.0.2\STM32CubeIDE\plugins\com.st.stm32cube.common.mx_5.5.0.201912201511\\db\/mcu/families.xml
2020-07-09 23:46:19,611 [INFO] DbMcusJson:87 - JSON generation date=Thu Jul 02 21:17:47 IST 2020 (1593704867)
2020-07-09 23:46:19,631 [INFO] DbMcusJson:87 - JSON generation date=Thu Jul 02 21:17:47 IST 2020 (1593704867)
2020-07-09 23:46:21,055 [INFO] DbMcus:192 - Found 1628 MCUs (1588 are supported by CubeMX, 1588 are visible in CubeMX)
2020-07-09 23:46:21,058 [INFO] DbMcus:192 - Found 1628 MCUs (1588 are supported by CubeMX, 1588 are visible in CubeMX)
2020-07-09 23:46:21,058 [INFO] ApiDb:158 - Load user favorites file C:\Users\blueh/.stm32cubemx/favorites.mcus.txt: 0 item(s)
2020-07-09 23:46:21,058 [INFO] ApiDb:163 - User favorites MCUs=[]
2020-07-09 23:46:21,058 [INFO] ApiDb:158 - Load user favorites file C:\Users\blueh/.stm32cubemx/favorites.mcus.txt: 0 item(s)
2020-07-09 23:46:21,059 [INFO] ApiDb:163 - User favorites MCUs=[]
2020-07-09 23:46:21,059 [INFO] DbMcus:203 - Set 0 / 0 favorites MCUs
2020-07-09 23:46:21,059 [INFO] DbMcus:203 - Set 0 / 0 favorites MCUs
2020-07-10 00:05:02,809 [INFO] UtilMem:74 - End SaveConfig() Used Memory: 460528952 Bytes (1068498944)
2020-07-10 00:05:02,894 [INFO] UtilMem:74 - End SaveConfig() Used Memory: 465249584 Bytes (1068498944)
2020-07-10 00:05:03,110 [INFO] UtilMem:74 - End SaveConfig() Used Memory: 474687512 Bytes (1068498944)
2020-07-10 00:05:03,594 [INFO] BlockDiagram:2751 - set Specific Code input for plugin: CAN
2020-07-10 00:05:03,594 [INFO] BlockDiagram:2751 - set Specific Code input for plugin: SYS
2020-07-10 00:05:03,594 [INFO] BlockDiagram:2751 - set Specific Code input for plugin: RCC
2020-07-10 00:05:03,594 [INFO] BlockDiagram:2751 - set Specific Code input for plugin: NVIC
2020-07-10 00:05:03,594 [INFO] BlockDiagram:2751 - set Specific Code input for plugin: USART
2020-07-10 00:05:03,595 [INFO] BlockDiagram:2751 - set Specific Code input for plugin: GPIO
2020-07-10 00:05:03,596 [INFO] CodeGenerator:601 - code generatio: config db path: Z:\SOFTWARES\STM32_CUBE_IDE\STM32CubeIDE_1.0.2\STM32CubeIDE\plugins\com.st.stm32cube.common.mx_5.5.0.201912201511\\db\
2020-07-10 00:05:03,995 [INFO] CodeEngine:193 - oldGeneratedFile, C:\Users\blueh\Desktop\CAN-Projects\can1-loopbackMode\MXTmpFiles\license.tmp_save
2020-07-10 00:05:04,381 [INFO] CodeEngine:211 - Generated code: C:\Users\blueh\Desktop\CAN-Projects\can1-loopbackMode\MXTmpFiles\license.tmp
2020-07-10 00:05:04,556 [INFO] CodeEngine:193 - oldGeneratedFile, C:\Users\blueh\Desktop\CAN-Projects\can1-loopbackMode\MXTmpFiles\gpio.tmp_save
2020-07-10 00:05:04,699 [INFO] CodeEngine:211 - Generated code: C:\Users\blueh\Desktop\CAN-Projects\can1-loopbackMode\MXTmpFiles\gpio.tmp
2020-07-10 00:05:04,824 [INFO] LogOutputStream:76 - [STDOUT_REDIRECT] Command line
2020-07-10 00:05:04,825 [INFO] LogOutputStream:76 - [STDOUT_REDIRECT] Debug : prepare data for CAN
2020-07-10 00:05:04,825 [INFO] LogOutputStream:76 - [STDOUT_REDIRECT] Command line test
2020-07-10 00:05:04,826 [INFO] LogOutputStream:76 - [STDOUT_REDIRECT] Command line
2020-07-10 00:05:04,827 [INFO] LogOutputStream:76 - [STDOUT_REDIRECT] Debug : prepare data for USART
2020-07-10 00:05:04,829 [INFO] LogOutputStream:76 - [STDOUT_REDIRECT] Command line test
2020-07-10 00:05:04,831 [INFO] LogOutputStream:76 - [STDOUT_REDIRECT] Debug : prepare data for NVIC
2020-07-10 00:05:04,832 [INFO] LogOutputStream:76 - [STDOUT_REDIRECT] Command line test
2020-07-10 00:05:04,896 [INFO] CodeEngine:193 - oldGeneratedFile, C:\Users\blueh\Desktop\CAN-Projects\can1-loopbackMode\Core\Src\stm32f4xx_it.c_save
2020-07-10 00:05:05,103 [INFO] CodeEngine:211 - Generated code: C:\Users\blueh\Desktop\CAN-Projects\can1-loopbackMode\Core\Src\stm32f4xx_it.c
2020-07-10 00:05:05,166 [INFO] CodeEngine:193 - oldGeneratedFile, C:\Users\blueh\Desktop\CAN-Projects\can1-loopbackMode\Core\Inc\stm32f4xx_it.h_save
2020-07-10 00:05:05,319 [INFO] CodeEngine:211 - Generated code: C:\Users\blueh\Desktop\CAN-Projects\can1-loopbackMode\Core\Inc\stm32f4xx_it.h
2020-07-10 00:05:05,403 [INFO] CodeEngine:193 - oldGeneratedFile, C:\Users\blueh\Desktop\CAN-Projects\can1-loopbackMode\Core\Src\stm32f4xx_hal_msp.c_save
2020-07-10 00:05:05,639 [INFO] CodeEngine:211 - Generated code: C:\Users\blueh\Desktop\CAN-Projects\can1-loopbackMode\Core\Src\stm32f4xx_hal_msp.c
2020-07-10 00:05:05,690 [INFO] CodeEngine:193 - oldGeneratedFile, C:\Users\blueh\Desktop\CAN-Projects\can1-loopbackMode\MXTmpFiles\system.tmp_save
2020-07-10 00:05:05,780 [INFO] CodeEngine:211 - Generated code: C:\Users\blueh\Desktop\CAN-Projects\can1-loopbackMode\MXTmpFiles\system.tmp
2020-07-10 00:05:05,843 [INFO] CodeEngine:193 - oldGeneratedFile, C:\Users\blueh\Desktop\CAN-Projects\can1-loopbackMode\Core\Inc\stm32f4xx_hal_conf.h_save
2020-07-10 00:05:06,018 [INFO] CodeEngine:211 - Generated code: C:\Users\blueh\Desktop\CAN-Projects\can1-loopbackMode\Core\Inc\stm32f4xx_hal_conf.h
2020-07-10 00:05:06,042 [WARN] IPConfigManager:2706 - IP not found : gpio
2020-07-10 00:05:06,043 [WARN] CodeGenerator:2776 - IP not found : gpio
2020-07-10 00:05:06,100 [INFO] CodeEngine:193 - oldGeneratedFile, C:\Users\blueh\Desktop\CAN-Projects\can1-loopbackMode\Core\Inc\main.h_save
2020-07-10 00:05:06,223 [INFO] CodeEngine:211 - Generated code: C:\Users\blueh\Desktop\CAN-Projects\can1-loopbackMode\Core\Inc\main.h
2020-07-10 00:05:06,282 [INFO] CodeEngine:193 - oldGeneratedFile, C:\Users\blueh\Desktop\CAN-Projects\can1-loopbackMode\Core\Src\main.c_save
2020-07-10 00:05:06,420 [INFO] CodeEngine:211 - Generated code: C:\Users\blueh\Desktop\CAN-Projects\can1-loopbackMode\Core\Src\main.c
2020-07-10 00:05:08,031 [INFO] ProjectBuilder:1843 - Time for Copy HAL[1] : 817mS.
2020-07-10 00:05:08,038 [INFO] ProjectBuilder:2428 - Project Generator version: 3.6.0
2020-07-10 00:05:08,426 [INFO] ConfigFileManager:1043 - The Die is : DIE421
2020-07-10 00:05:12,463 [INFO] ProjectBuilder:2595 - Time for Generating toolchain IDE Files: 4425mS.
2020-07-10 00:05:12,464 [INFO] ProjectBuilder:1703 - Time for Copy CMSIS : 1mS.
2020-07-10 00:05:12,468 [INFO] ProjectBuilder:1703 - Time for Copy CMSIS : 0mS.
